{"/home/travis/build/npmtest/node-npmtest-redux-actions/test.js":{"path":"/home/travis/build/npmtest/node-npmtest-redux-actions/test.js","s":{"1":2,"2":2,"3":2,"4":2,"5":2,"6":2,"7":2,"8":1,"9":2,"10":2,"11":1,"12":1,"13":1,"14":1,"15":2,"16":2,"17":2,"18":2,"19":1,"20":1,"21":2,"22":2,"23":2,"24":1,"25":1,"26":1,"27":1,"28":1,"29":1,"30":1,"31":1,"32":1,"33":1,"34":1,"35":1,"36":1,"37":2,"38":2,"39":1,"40":2,"41":2,"42":1,"43":2,"44":2,"45":1,"46":2,"47":2,"48":1,"49":1,"50":1,"51":1,"52":1},"b":{"1":[2,1,1,1],"2":[1,1,1,1],"3":[1,1],"4":[1,1],"5":[1,1],"6":[1,1],"7":[1,1],"8":[1,1],"9":[1,1,1],"10":[1,1],"11":[1,1],"12":[1,1],"13":[1,1],"14":[1,1],"15":[1,1],"16":[1,1]},"f":{"1":2,"2":2,"3":2,"4":2,"5":2,"6":1,"7":1,"8":2,"9":2,"10":2,"11":2,"12":1},"fnMap":{"1":{"name":"(anonymous_1)","line":12,"loc":{"start":{"line":12,"column":1},"end":{"line":12,"column":13}}},"2":{"name":"(anonymous_2)","line":19,"loc":{"start":{"line":19,"column":5},"end":{"line":19,"column":17}}},"3":{"name":"(anonymous_3)","line":23,"loc":{"start":{"line":23,"column":24},"end":{"line":23,"column":36}}},"4":{"name":"(anonymous_4)","line":61,"loc":{"start":{"line":61,"column":5},"end":{"line":61,"column":17}}},"5":{"name":"(anonymous_5)","line":82,"loc":{"start":{"line":82,"column":5},"end":{"line":82,"column":17}}},"6":{"name":"(anonymous_6)","line":102,"loc":{"start":{"line":102,"column":83},"end":{"line":105,"column":10}},"skip":true},"7":{"name":"(anonymous_7)","line":113,"loc":{"start":{"line":113,"column":77},"end":{"line":116,"column":10}},"skip":true},"8":{"name":"(anonymous_8)","line":129,"loc":{"start":{"line":129,"column":12},"end":{"line":129,"column":40}},"skip":true},"9":{"name":"(anonymous_9)","line":137,"loc":{"start":{"line":137,"column":77},"end":{"line":140,"column":10}},"skip":true},"10":{"name":"(anonymous_10)","line":148,"loc":{"start":{"line":148,"column":83},"end":{"line":151,"column":10}},"skip":true},"11":{"name":"(anonymous_11)","line":159,"loc":{"start":{"line":159,"column":79},"end":{"line":162,"column":10}},"skip":true},"12":{"name":"(anonymous_12)","line":170,"loc":{"start":{"line":170,"column":75},"end":{"line":173,"column":10}},"skip":true}},"statementMap":{"1":{"start":{"line":12,"column":0},"end":{"line":185,"column":5}},"2":{"start":{"line":14,"column":4},"end":{"line":14,"column":14}},"3":{"start":{"line":19,"column":4},"end":{"line":56,"column":9}},"4":{"start":{"line":21,"column":8},"end":{"line":21,"column":19}},"5":{"start":{"line":23,"column":8},"end":{"line":35,"column":13}},"6":{"start":{"line":24,"column":12},"end":{"line":34,"column":13}},"7":{"start":{"line":25,"column":16},"end":{"line":28,"column":30}},"8":{"start":{"line":30,"column":16},"end":{"line":33,"column":27}},"9":{"start":{"line":37,"column":8},"end":{"line":39,"column":21}},"10":{"start":{"line":40,"column":8},"end":{"line":53,"column":9}},"11":{"start":{"line":43,"column":12},"end":{"line":46,"column":14}},"12":{"start":{"line":47,"column":12},"end":{"line":47,"column":18}},"13":{"start":{"line":50,"column":12},"end":{"line":51,"column":46}},"14":{"start":{"line":52,"column":12},"end":{"line":52,"column":18}},"15":{"start":{"line":55,"column":8},"end":{"line":55,"column":35}},"16":{"start":{"line":61,"column":4},"end":{"line":63,"column":9}},"17":{"start":{"line":62,"column":8},"end":{"line":62,"column":15}},"18":{"start":{"line":64,"column":4},"end":{"line":77,"column":5}},"19":{"start":{"line":70,"column":8},"end":{"line":70,"column":14}},"20":{"start":{"line":76,"column":8},"end":{"line":76,"column":14}},"21":{"start":{"line":82,"column":4},"end":{"line":84,"column":9}},"22":{"start":{"line":83,"column":8},"end":{"line":83,"column":15}},"23":{"start":{"line":85,"column":4},"end":{"line":184,"column":5}},"24":{"start":{"line":92,"column":8},"end":{"line":94,"column":63}},"25":{"start":{"line":95,"column":8},"end":{"line":95,"column":14}},"26":{"start":{"line":102,"column":8},"end":{"line":111,"column":10},"skip":true},"27":{"start":{"line":109,"column":12},"end":{"line":109,"column":55},"skip":true},"28":{"start":{"line":110,"column":12},"end":{"line":110,"column":48},"skip":true},"29":{"start":{"line":113,"column":8},"end":{"line":126,"column":10},"skip":true},"30":{"start":{"line":120,"column":12},"end":{"line":120,"column":76},"skip":true},"31":{"start":{"line":121,"column":12},"end":{"line":121,"column":73},"skip":true},"32":{"start":{"line":122,"column":12},"end":{"line":122,"column":74},"skip":true},"33":{"start":{"line":123,"column":12},"end":{"line":123,"column":79},"skip":true},"34":{"start":{"line":124,"column":12},"end":{"line":124,"column":25},"skip":true},"35":{"start":{"line":125,"column":12},"end":{"line":125,"column":45},"skip":true},"36":{"start":{"line":128,"column":8},"end":{"line":135,"column":14},"skip":true},"37":{"start":{"line":133,"column":16},"end":{"line":133,"column":29},"skip":true},"38":{"start":{"line":134,"column":16},"end":{"line":134,"column":55},"skip":true},"39":{"start":{"line":137,"column":8},"end":{"line":146,"column":10},"skip":true},"40":{"start":{"line":144,"column":12},"end":{"line":144,"column":25},"skip":true},"41":{"start":{"line":145,"column":12},"end":{"line":145,"column":45},"skip":true},"42":{"start":{"line":148,"column":8},"end":{"line":157,"column":10},"skip":true},"43":{"start":{"line":155,"column":12},"end":{"line":155,"column":25},"skip":true},"44":{"start":{"line":156,"column":12},"end":{"line":156,"column":48},"skip":true},"45":{"start":{"line":159,"column":8},"end":{"line":168,"column":10},"skip":true},"46":{"start":{"line":166,"column":12},"end":{"line":166,"column":25},"skip":true},"47":{"start":{"line":167,"column":12},"end":{"line":167,"column":46},"skip":true},"48":{"start":{"line":170,"column":8},"end":{"line":179,"column":10},"skip":true},"49":{"start":{"line":177,"column":12},"end":{"line":177,"column":94},"skip":true},"50":{"start":{"line":178,"column":12},"end":{"line":178,"column":48},"skip":true},"51":{"start":{"line":182,"column":8},"end":{"line":182,"column":35},"skip":true},"52":{"start":{"line":183,"column":8},"end":{"line":183,"column":14},"skip":true}},"branchMap":{"1":{"line":25,"type":"binary-expr","locations":[{"start":{"line":25,"column":23},"end":{"line":25,"column":62}},{"start":{"line":26,"column":20},"end":{"line":26,"column":70}},{"start":{"line":27,"column":20},"end":{"line":27,"column":71}},{"start":{"line":28,"column":20},"end":{"line":28,"column":29}}]},"2":{"line":30,"type":"binary-expr","locations":[{"start":{"line":30,"column":23},"end":{"line":30,"column":37}},{"start":{"line":31,"column":20},"end":{"line":31,"column":61}},{"start":{"line":32,"column":20},"end":{"line":32,"column":70}},{"start":{"line":33,"column":20},"end":{"line":33,"column":26}}]},"3":{"line":37,"type":"cond-expr","locations":[{"start":{"line":38,"column":14},"end":{"line":38,"column":20}},{"start":{"line":39,"column":14},"end":{"line":39,"column":20}}]},"4":{"line":40,"type":"switch","locations":[{"start":{"line":42,"column":8},"end":{"line":47,"column":18}},{"start":{"line":49,"column":8},"end":{"line":52,"column":18}}]},"5":{"line":44,"type":"binary-expr","locations":[{"start":{"line":44,"column":16},"end":{"line":44,"column":44}},{"start":{"line":44,"column":48},"end":{"line":44,"column":66}}]},"6":{"line":50,"type":"binary-expr","locations":[{"start":{"line":50,"column":21},"end":{"line":50,"column":49}},{"start":{"line":50,"column":53},"end":{"line":50,"column":72}}]},"7":{"line":64,"type":"switch","locations":[{"start":{"line":69,"column":4},"end":{"line":70,"column":14}},{"start":{"line":75,"column":4},"end":{"line":76,"column":14}}]},"8":{"line":85,"type":"switch","locations":[{"start":{"line":90,"column":4},"end":{"line":95,"column":14}},{"start":{"line":101,"column":4},"end":{"line":183,"column":14},"skip":true}]},"9":{"line":92,"type":"binary-expr","locations":[{"start":{"line":92,"column":18},"end":{"line":92,"column":32}},{"start":{"line":93,"column":12},"end":{"line":93,"column":53}},{"start":{"line":94,"column":12},"end":{"line":94,"column":61}}]},"10":{"line":102,"type":"binary-expr","locations":[{"start":{"line":102,"column":45},"end":{"line":102,"column":79},"skip":true},{"start":{"line":102,"column":83},"end":{"line":111,"column":9},"skip":true}]},"11":{"line":113,"type":"binary-expr","locations":[{"start":{"line":113,"column":42},"end":{"line":113,"column":73},"skip":true},{"start":{"line":113,"column":77},"end":{"line":126,"column":9},"skip":true}]},"12":{"line":128,"type":"binary-expr","locations":[{"start":{"line":128,"column":48},"end":{"line":128,"column":85},"skip":true},{"start":{"line":129,"column":12},"end":{"line":135,"column":13},"skip":true}]},"13":{"line":137,"type":"binary-expr","locations":[{"start":{"line":137,"column":42},"end":{"line":137,"column":73},"skip":true},{"start":{"line":137,"column":77},"end":{"line":146,"column":9},"skip":true}]},"14":{"line":148,"type":"binary-expr","locations":[{"start":{"line":148,"column":45},"end":{"line":148,"column":79},"skip":true},{"start":{"line":148,"column":83},"end":{"line":157,"column":9},"skip":true}]},"15":{"line":159,"type":"binary-expr","locations":[{"start":{"line":159,"column":43},"end":{"line":159,"column":75},"skip":true},{"start":{"line":159,"column":79},"end":{"line":168,"column":9},"skip":true}]},"16":{"line":170,"type":"binary-expr","locations":[{"start":{"line":170,"column":41},"end":{"line":170,"column":71},"skip":true},{"start":{"line":170,"column":75},"end":{"line":179,"column":9},"skip":true}]}},"code":["/* istanbul instrument in package npmtest_redux_actions */","/*jslint","    bitwise: true,","    browser: true,","    maxerr: 8,","    maxlen: 96,","    node: true,","    nomen: true,","    regexp: true,","    stupid: true","*/","(function () {","    'use strict';","    var local;","","","","    // run shared js-env code - pre-init","    (function () {","        // init local","        local = {};","        // init modeJs","        local.modeJs = (function () {","            try {","                return typeof navigator.userAgent === 'string' &&","                    typeof document.querySelector('body') === 'object' &&","                    typeof XMLHttpRequest.prototype.open === 'function' &&","                    'browser';","            } catch (errorCaughtBrowser) {","                return module.exports &&","                    typeof process.versions.node === 'string' &&","                    typeof require('http').createServer === 'function' &&","                    'node';","            }","        }());","        // init global","        local.global = local.modeJs === 'browser'","            ? window","            : global;","        switch (local.modeJs) {","        // re-init local from window.local","        case 'browser':","            local = local.global.utility2.objectSetDefault(","                local.global.utility2_rollup || local.global.local,","                local.global.utility2","            );","            break;","        // re-init local from example.js","        case 'node':","            local = (local.global.utility2_rollup || require('utility2'))","                .requireExampleJsFromReadme();","            break;","        }","        // export local","        local.global.local = local;","    }());","","","","    // run shared js-env code - function","    (function () {","        return;","    }());","    switch (local.modeJs) {","","","","    // run browser js-env code - function","    case 'browser':","        break;","","","","    // run node js-env code - function","    case 'node':","        break;","    }","","","","    // run shared js-env code - post-init","    (function () {","        return;","    }());","    switch (local.modeJs) {","","","","    // run browser js-env code - post-init","    case 'browser':","        // run tests","        local.nop(local.modeTest &&","            document.querySelector('#testRunButton1') &&","            document.querySelector('#testRunButton1').click());","        break;","","","","    // run node js-env code - post-init","    /* istanbul ignore next */","    case 'node':","        local.testCase_buildApidoc_default = local.testCase_buildApidoc_default || function (","            options,","            onError","        ) {","        /*","         * this function will test buildApidoc's default handling-behavior-behavior","         */","            options = { modulePathList: module.paths };","            local.buildApidoc(options, onError);","        };","","        local.testCase_buildApp_default = local.testCase_buildApp_default || function (","            options,","            onError","        ) {","        /*","         * this function will test buildApp's default handling-behavior-behavior","         */","            local.testCase_buildReadme_default(options, local.onErrorThrow);","            local.testCase_buildLib_default(options, local.onErrorThrow);","            local.testCase_buildTest_default(options, local.onErrorThrow);","            local.testCase_buildCustomOrg_default(options, local.onErrorThrow);","            options = [];","            local.buildApp(options, onError);","        };","","        local.testCase_buildCustomOrg_default = local.testCase_buildCustomOrg_default ||","            function (options, onError) {","            /*","             * this function will test buildCustomOrg's default handling-behavior","             */","                options = {};","                local.buildCustomOrg(options, onError);","            };","","        local.testCase_buildLib_default = local.testCase_buildLib_default || function (","            options,","            onError","        ) {","        /*","         * this function will test buildLib's default handling-behavior","         */","            options = {};","            local.buildLib(options, onError);","        };","","        local.testCase_buildReadme_default = local.testCase_buildReadme_default || function (","            options,","            onError","        ) {","        /*","         * this function will test buildReadme's default handling-behavior-behavior","         */","            options = {};","            local.buildReadme(options, onError);","        };","","        local.testCase_buildTest_default = local.testCase_buildTest_default || function (","            options,","            onError","        ) {","        /*","         * this function will test buildTest's default handling-behavior","         */","            options = {};","            local.buildTest(options, onError);","        };","","        local.testCase_webpage_default = local.testCase_webpage_default || function (","            options,","            onError","        ) {","        /*","         * this function will test webpage's default handling-behavior","         */","            options = { modeCoverageMerge: true, url: local.serverLocalHost + '?modeTest=1' };","            local.browserTest(options, onError);","        };","","        // run test-server","        local.testRunServer(local);","        break;","    }","}());",""],"l":{"12":2,"14":2,"19":2,"21":2,"23":2,"24":2,"25":2,"30":1,"37":2,"40":2,"43":1,"47":1,"50":1,"52":1,"55":2,"61":2,"62":2,"64":2,"70":1,"76":1,"82":2,"83":2,"85":2,"92":1,"95":1,"102":1,"109":1,"110":1,"113":1,"120":1,"121":1,"122":1,"123":1,"124":1,"125":1,"128":1,"133":2,"134":2,"137":1,"144":2,"145":2,"148":1,"155":2,"156":2,"159":1,"166":2,"167":2,"170":1,"177":1,"178":1,"182":1,"183":1}},"/home/travis/build/npmtest/node-npmtest-redux-actions/lib.npmtest_redux_actions.js":{"path":"/home/travis/build/npmtest/node-npmtest-redux-actions/lib.npmtest_redux_actions.js","s":{"1":2,"2":2,"3":2,"4":2,"5":2,"6":2,"7":2,"8":1,"9":2,"10":2,"11":2,"12":2,"13":1,"14":1,"15":1,"16":1},"b":{"1":[2,1,1,1],"2":[1,1,1,1],"3":[1,1],"4":[2,2],"5":[1,1]},"f":{"1":2,"2":2,"3":2},"fnMap":{"1":{"name":"(anonymous_1)","line":12,"loc":{"start":{"line":12,"column":1},"end":{"line":12,"column":13}}},"2":{"name":"(anonymous_2)","line":19,"loc":{"start":{"line":19,"column":5},"end":{"line":19,"column":17}}},"3":{"name":"(anonymous_3)","line":23,"loc":{"start":{"line":23,"column":24},"end":{"line":23,"column":36}}}},"statementMap":{"1":{"start":{"line":12,"column":0},"end":{"line":53,"column":5}},"2":{"start":{"line":14,"column":4},"end":{"line":14,"column":14}},"3":{"start":{"line":19,"column":4},"end":{"line":52,"column":9}},"4":{"start":{"line":21,"column":8},"end":{"line":21,"column":19}},"5":{"start":{"line":23,"column":8},"end":{"line":35,"column":13}},"6":{"start":{"line":24,"column":12},"end":{"line":34,"column":13}},"7":{"start":{"line":25,"column":16},"end":{"line":28,"column":30}},"8":{"start":{"line":30,"column":16},"end":{"line":33,"column":27}},"9":{"start":{"line":37,"column":8},"end":{"line":39,"column":21}},"10":{"start":{"line":41,"column":8},"end":{"line":41,"column":54}},"11":{"start":{"line":43,"column":8},"end":{"line":43,"column":58}},"12":{"start":{"line":45,"column":8},"end":{"line":51,"column":9}},"13":{"start":{"line":46,"column":12},"end":{"line":46,"column":64}},"14":{"start":{"line":48,"column":12},"end":{"line":48,"column":35}},"15":{"start":{"line":49,"column":12},"end":{"line":49,"column":49}},"16":{"start":{"line":50,"column":12},"end":{"line":50,"column":43}}},"branchMap":{"1":{"line":25,"type":"binary-expr","locations":[{"start":{"line":25,"column":23},"end":{"line":25,"column":62}},{"start":{"line":26,"column":20},"end":{"line":26,"column":70}},{"start":{"line":27,"column":20},"end":{"line":27,"column":71}},{"start":{"line":28,"column":20},"end":{"line":28,"column":29}}]},"2":{"line":30,"type":"binary-expr","locations":[{"start":{"line":30,"column":23},"end":{"line":30,"column":37}},{"start":{"line":31,"column":20},"end":{"line":31,"column":61}},{"start":{"line":32,"column":20},"end":{"line":32,"column":70}},{"start":{"line":33,"column":20},"end":{"line":33,"column":26}}]},"3":{"line":37,"type":"cond-expr","locations":[{"start":{"line":38,"column":14},"end":{"line":38,"column":20}},{"start":{"line":39,"column":14},"end":{"line":39,"column":20}}]},"4":{"line":41,"type":"binary-expr","locations":[{"start":{"line":41,"column":16},"end":{"line":41,"column":44}},{"start":{"line":41,"column":48},"end":{"line":41,"column":53}}]},"5":{"line":45,"type":"if","locations":[{"start":{"line":45,"column":8},"end":{"line":45,"column":8}},{"start":{"line":45,"column":8},"end":{"line":45,"column":8}}]}},"code":["/* istanbul instrument in package npmtest_redux_actions */","/*jslint","    bitwise: true,","    browser: true,","    maxerr: 8,","    maxlen: 96,","    node: true,","    nomen: true,","    regexp: true,","    stupid: true","*/","(function () {","    'use strict';","    var local;","","","","    // run shared js-env code - pre-init","    (function () {","        // init local","        local = {};","        // init modeJs","        local.modeJs = (function () {","            try {","                return typeof navigator.userAgent === 'string' &&","                    typeof document.querySelector('body') === 'object' &&","                    typeof XMLHttpRequest.prototype.open === 'function' &&","                    'browser';","            } catch (errorCaughtBrowser) {","                return module.exports &&","                    typeof process.versions.node === 'string' &&","                    typeof require('http').createServer === 'function' &&","                    'node';","            }","        }());","        // init global","        local.global = local.modeJs === 'browser'","            ? window","            : global;","        // init utility2_rollup","        local = local.global.utility2_rollup || local;","        // init lib","        local.local = local.npmtest_redux_actions = local;","        // init exports","        if (local.modeJs === 'browser') {","            local.global.utility2_npmtest_redux_actions = local;","        } else {","            module.exports = local;","            module.exports.__dirname = __dirname;","            module.exports.module = module;","        }","    }());","}());",""],"l":{"12":2,"14":2,"19":2,"21":2,"23":2,"24":2,"25":2,"30":1,"37":2,"41":2,"43":2,"45":2,"46":1,"48":1,"49":1,"50":1}},"/home/travis/build/npmtest/node-npmtest-redux-actions/example.js":{"path":"/home/travis/build/npmtest/node-npmtest-redux-actions/example.js","s":{"1":2,"2":2,"3":2,"4":2,"5":2,"6":2,"7":2,"8":1,"9":2,"10":2,"11":2,"12":2,"13":1,"14":2,"15":2,"16":2,"17":2,"18":2,"19":0,"20":2,"21":1,"22":1,"23":1,"24":1,"25":1,"26":0,"27":0,"28":1,"29":1,"30":2,"31":0,"32":0,"33":0,"34":1,"35":2,"36":2,"37":2,"38":2,"39":2,"40":2,"41":0,"42":2,"43":2,"44":2,"45":1,"46":3,"47":1,"48":1,"49":1,"50":1,"51":1,"52":1,"53":1,"54":1,"55":1,"56":1,"57":0,"58":1,"59":6,"60":6,"61":1,"62":2,"63":0,"64":2,"65":1,"66":1,"67":0,"68":0,"69":0,"70":0,"71":0,"72":0,"73":0,"74":0,"75":0,"76":0,"77":0,"78":0,"79":0,"80":0,"81":0,"82":0,"83":0},"b":{"1":[2,1,1,1],"2":[1,1,1,1],"3":[1,1],"4":[2,2],"5":[1,1],"6":[1,1],"7":[2,0],"8":[2,1,1,1,1,1],"9":[0,2,0],"10":[1,1],"11":[2,1,1],"12":[1,0],"13":[0,2],"14":[2,0,0,0,0,0,0],"15":[0,2],"16":[2,0],"17":[1,1],"18":[0,1],"19":[1,2,0,2],"20":[1,0],"21":[1,1],"22":[0,0],"23":[0,0],"24":[0,0],"25":[0,0],"26":[0,0],"27":[0,0],"28":[0,0]},"f":{"1":2,"2":2,"3":2,"4":2,"5":2,"6":2,"7":2,"8":2,"9":3,"10":1,"11":6,"12":0},"fnMap":{"1":{"name":"(anonymous_1)","line":26,"loc":{"start":{"line":26,"column":1},"end":{"line":26,"column":13}}},"2":{"name":"(anonymous_2)","line":33,"loc":{"start":{"line":33,"column":5},"end":{"line":33,"column":17}}},"3":{"name":"(anonymous_3)","line":37,"loc":{"start":{"line":37,"column":24},"end":{"line":37,"column":36}}},"4":{"name":"(anonymous_4)","line":69,"loc":{"start":{"line":69,"column":31},"end":{"line":69,"column":48}},"skip":true},"5":{"name":"(anonymous_5)","line":78,"loc":{"start":{"line":78,"column":26},"end":{"line":78,"column":45}},"skip":true},"6":{"name":"(anonymous_6)","line":123,"loc":{"start":{"line":123,"column":33},"end":{"line":123,"column":48}},"skip":true},"7":{"name":"(anonymous_7)","line":125,"loc":{"start":{"line":125,"column":27},"end":{"line":125,"column":39}},"skip":true},"8":{"name":"(anonymous_8)","line":133,"loc":{"start":{"line":133,"column":59},"end":{"line":133,"column":74}},"skip":true},"9":{"name":"(anonymous_9)","line":143,"loc":{"start":{"line":143,"column":45},"end":{"line":143,"column":62}},"skip":true},"10":{"name":"(anonymous_10)","line":144,"loc":{"start":{"line":144,"column":73},"end":{"line":144,"column":92}},"skip":true},"11":{"name":"(anonymous_11)","line":272,"loc":{"start":{"line":272,"column":51},"end":{"line":272,"column":77}},"skip":true},"12":{"name":"(anonymous_12)","line":314,"loc":{"start":{"line":314,"column":32},"end":{"line":314,"column":61}},"skip":true}},"statementMap":{"1":{"start":{"line":26,"column":0},"end":{"line":325,"column":5}},"2":{"start":{"line":28,"column":4},"end":{"line":28,"column":14}},"3":{"start":{"line":33,"column":4},"end":{"line":60,"column":9}},"4":{"start":{"line":35,"column":8},"end":{"line":35,"column":19}},"5":{"start":{"line":37,"column":8},"end":{"line":49,"column":13}},"6":{"start":{"line":38,"column":12},"end":{"line":48,"column":13}},"7":{"start":{"line":39,"column":16},"end":{"line":42,"column":30}},"8":{"start":{"line":44,"column":16},"end":{"line":47,"column":27}},"9":{"start":{"line":51,"column":8},"end":{"line":53,"column":21}},"10":{"start":{"line":55,"column":8},"end":{"line":57,"column":45}},"11":{"start":{"line":59,"column":8},"end":{"line":59,"column":35}},"12":{"start":{"line":61,"column":4},"end":{"line":324,"column":5}},"13":{"start":{"line":69,"column":8},"end":{"line":121,"column":10},"skip":true},"14":{"start":{"line":70,"column":12},"end":{"line":88,"column":13},"skip":true},"15":{"start":{"line":76,"column":16},"end":{"line":87,"column":19},"skip":true},"16":{"start":{"line":79,"column":20},"end":{"line":86,"column":21},"skip":true},"17":{"start":{"line":82,"column":24},"end":{"line":82,"column":43},"skip":true},"18":{"start":{"line":83,"column":24},"end":{"line":83,"column":30},"skip":true},"19":{"start":{"line":85,"column":24},"end":{"line":85,"column":49},"skip":true},"20":{"start":{"line":89,"column":12},"end":{"line":107,"column":13},"skip":true},"21":{"start":{"line":92,"column":16},"end":{"line":102,"column":17},"skip":true},"22":{"start":{"line":93,"column":20},"end":{"line":93,"column":86},"skip":true},"23":{"start":{"line":94,"column":20},"end":{"line":95,"column":45},"skip":true},"24":{"start":{"line":96,"column":20},"end":{"line":96,"column":42},"skip":true},"25":{"start":{"line":97,"column":20},"end":{"line":97,"column":48},"skip":true},"26":{"start":{"line":100,"column":20},"end":{"line":100,"column":85},"skip":true},"27":{"start":{"line":101,"column":20},"end":{"line":101,"column":96},"skip":true},"28":{"start":{"line":103,"column":16},"end":{"line":103,"column":22},"skip":true},"29":{"start":{"line":106,"column":16},"end":{"line":106,"column":22},"skip":true},"30":{"start":{"line":108,"column":12},"end":{"line":120,"column":13},"skip":true},"31":{"start":{"line":114,"column":16},"end":{"line":119,"column":17},"skip":true},"32":{"start":{"line":116,"column":20},"end":{"line":116,"column":78},"skip":true},"33":{"start":{"line":118,"column":20},"end":{"line":118,"column":47},"skip":true},"34":{"start":{"line":123,"column":8},"end":{"line":141,"column":11},"skip":true},"35":{"start":{"line":124,"column":12},"end":{"line":124,"column":54},"skip":true},"36":{"start":{"line":125,"column":12},"end":{"line":140,"column":14},"skip":true},"37":{"start":{"line":126,"column":16},"end":{"line":126,"column":28},"skip":true},"38":{"start":{"line":127,"column":16},"end":{"line":127,"column":69},"skip":true},"39":{"start":{"line":128,"column":16},"end":{"line":128,"column":75},"skip":true},"40":{"start":{"line":129,"column":16},"end":{"line":131,"column":17},"skip":true},"41":{"start":{"line":130,"column":20},"end":{"line":130,"column":27},"skip":true},"42":{"start":{"line":133,"column":16},"end":{"line":137,"column":36},"skip":true},"43":{"start":{"line":134,"column":20},"end":{"line":136,"column":55},"skip":true},"44":{"start":{"line":139,"column":16},"end":{"line":139,"column":57},"skip":true},"45":{"start":{"line":143,"column":8},"end":{"line":147,"column":11},"skip":true},"46":{"start":{"line":144,"column":12},"end":{"line":146,"column":15},"skip":true},"47":{"start":{"line":145,"column":16},"end":{"line":145,"column":70},"skip":true},"48":{"start":{"line":149,"column":8},"end":{"line":149,"column":31},"skip":true},"49":{"start":{"line":150,"column":8},"end":{"line":150,"column":14},"skip":true},"50":{"start":{"line":158,"column":8},"end":{"line":158,"column":31},"skip":true},"51":{"start":{"line":160,"column":8},"end":{"line":160,"column":33},"skip":true},"52":{"start":{"line":161,"column":8},"end":{"line":161,"column":37},"skip":true},"53":{"start":{"line":162,"column":8},"end":{"line":162,"column":35},"skip":true},"54":{"start":{"line":164,"column":8},"end":{"line":164,"column":50},"skip":true},"55":{"start":{"line":166,"column":8},"end":{"line":256,"column":2},"skip":true},"56":{"start":{"line":258,"column":8},"end":{"line":286,"column":9},"skip":true},"57":{"start":{"line":259,"column":12},"end":{"line":269,"column":14},"skip":true},"58":{"start":{"line":271,"column":12},"end":{"line":285,"column":19},"skip":true},"59":{"start":{"line":274,"column":20},"end":{"line":274,"column":35},"skip":true},"60":{"start":{"line":275,"column":20},"end":{"line":284,"column":21},"skip":true},"61":{"start":{"line":277,"column":24},"end":{"line":277,"column":64},"skip":true},"62":{"start":{"line":279,"column":24},"end":{"line":279,"column":40},"skip":true},"63":{"start":{"line":281,"column":24},"end":{"line":281,"column":40},"skip":true},"64":{"start":{"line":283,"column":24},"end":{"line":283,"column":39},"skip":true},"65":{"start":{"line":288,"column":8},"end":{"line":290,"column":9},"skip":true},"66":{"start":{"line":289,"column":12},"end":{"line":289,"column":18},"skip":true},"67":{"start":{"line":291,"column":8},"end":{"line":293,"column":54},"skip":true},"68":{"start":{"line":294,"column":8},"end":{"line":301,"column":37},"skip":true},"69":{"start":{"line":302,"column":8},"end":{"line":302,"column":82},"skip":true},"70":{"start":{"line":305,"column":8},"end":{"line":307,"column":9},"skip":true},"71":{"start":{"line":306,"column":12},"end":{"line":306,"column":82},"skip":true},"72":{"start":{"line":309,"column":8},"end":{"line":311,"column":9},"skip":true},"73":{"start":{"line":310,"column":12},"end":{"line":310,"column":18},"skip":true},"74":{"start":{"line":312,"column":8},"end":{"line":312,"column":54},"skip":true},"75":{"start":{"line":313,"column":8},"end":{"line":313,"column":69},"skip":true},"76":{"start":{"line":314,"column":8},"end":{"line":322,"column":36},"skip":true},"77":{"start":{"line":315,"column":12},"end":{"line":315,"column":61},"skip":true},"78":{"start":{"line":316,"column":12},"end":{"line":319,"column":13},"skip":true},"79":{"start":{"line":317,"column":16},"end":{"line":317,"column":75},"skip":true},"80":{"start":{"line":318,"column":16},"end":{"line":318,"column":23},"skip":true},"81":{"start":{"line":320,"column":12},"end":{"line":320,"column":38},"skip":true},"82":{"start":{"line":321,"column":12},"end":{"line":321,"column":27},"skip":true},"83":{"start":{"line":323,"column":8},"end":{"line":323,"column":14},"skip":true}},"branchMap":{"1":{"line":39,"type":"binary-expr","locations":[{"start":{"line":39,"column":23},"end":{"line":39,"column":62}},{"start":{"line":40,"column":20},"end":{"line":40,"column":70}},{"start":{"line":41,"column":20},"end":{"line":41,"column":71}},{"start":{"line":42,"column":20},"end":{"line":42,"column":29}}]},"2":{"line":44,"type":"binary-expr","locations":[{"start":{"line":44,"column":23},"end":{"line":44,"column":37}},{"start":{"line":45,"column":20},"end":{"line":45,"column":61}},{"start":{"line":46,"column":20},"end":{"line":46,"column":70}},{"start":{"line":47,"column":20},"end":{"line":47,"column":26}}]},"3":{"line":51,"type":"cond-expr","locations":[{"start":{"line":52,"column":14},"end":{"line":52,"column":20}},{"start":{"line":53,"column":14},"end":{"line":53,"column":20}}]},"4":{"line":55,"type":"binary-expr","locations":[{"start":{"line":55,"column":16},"end":{"line":55,"column":44}},{"start":{"line":55,"column":49},"end":{"line":57,"column":43}}]},"5":{"line":55,"type":"cond-expr","locations":[{"start":{"line":56,"column":14},"end":{"line":56,"column":57}},{"start":{"line":57,"column":14},"end":{"line":57,"column":43}}]},"6":{"line":61,"type":"switch","locations":[{"start":{"line":68,"column":4},"end":{"line":150,"column":14},"skip":true},{"start":{"line":156,"column":4},"end":{"line":323,"column":14},"skip":true}]},"7":{"line":70,"type":"if","locations":[{"start":{"line":70,"column":12},"end":{"line":70,"column":12},"skip":true},{"start":{"line":70,"column":12},"end":{"line":70,"column":12},"skip":true}]},"8":{"line":70,"type":"binary-expr","locations":[{"start":{"line":70,"column":16},"end":{"line":70,"column":22},"skip":true},{"start":{"line":70,"column":27},"end":{"line":70,"column":32},"skip":true},{"start":{"line":71,"column":20},"end":{"line":71,"column":39},"skip":true},{"start":{"line":72,"column":20},"end":{"line":72,"column":49},"skip":true},{"start":{"line":73,"column":20},"end":{"line":73,"column":58},"skip":true},{"start":{"line":74,"column":20},"end":{"line":74,"column":69},"skip":true}]},"9":{"line":79,"type":"switch","locations":[{"start":{"line":80,"column":20},"end":{"line":80,"column":33},"skip":true},{"start":{"line":81,"column":20},"end":{"line":83,"column":30},"skip":true},{"start":{"line":84,"column":20},"end":{"line":85,"column":49},"skip":true}]},"10":{"line":89,"type":"switch","locations":[{"start":{"line":90,"column":12},"end":{"line":103,"column":22},"skip":true},{"start":{"line":105,"column":12},"end":{"line":106,"column":22},"skip":true}]},"11":{"line":89,"type":"binary-expr","locations":[{"start":{"line":89,"column":20},"end":{"line":89,"column":25},"skip":true},{"start":{"line":89,"column":29},"end":{"line":89,"column":48},"skip":true},{"start":{"line":89,"column":52},"end":{"line":89,"column":74},"skip":true}]},"12":{"line":92,"type":"if","locations":[{"start":{"line":92,"column":16},"end":{"line":92,"column":16},"skip":true},{"start":{"line":92,"column":16},"end":{"line":92,"column":16},"skip":true}]},"13":{"line":108,"type":"if","locations":[{"start":{"line":108,"column":12},"end":{"line":108,"column":12},"skip":true},{"start":{"line":108,"column":12},"end":{"line":108,"column":12},"skip":true}]},"14":{"line":108,"type":"binary-expr","locations":[{"start":{"line":108,"column":16},"end":{"line":108,"column":61},"skip":true},{"start":{"line":108,"column":66},"end":{"line":108,"column":72},"skip":true},{"start":{"line":108,"column":77},"end":{"line":108,"column":82},"skip":true},{"start":{"line":109,"column":20},"end":{"line":109,"column":39},"skip":true},{"start":{"line":110,"column":20},"end":{"line":110,"column":49},"skip":true},{"start":{"line":111,"column":20},"end":{"line":111,"column":58},"skip":true},{"start":{"line":112,"column":20},"end":{"line":112,"column":68},"skip":true}]},"15":{"line":129,"type":"if","locations":[{"start":{"line":129,"column":16},"end":{"line":129,"column":16},"skip":true},{"start":{"line":129,"column":16},"end":{"line":129,"column":16},"skip":true}]},"16":{"line":134,"type":"cond-expr","locations":[{"start":{"line":135,"column":26},"end":{"line":135,"column":29},"skip":true},{"start":{"line":136,"column":26},"end":{"line":136,"column":54},"skip":true}]},"17":{"line":164,"type":"binary-expr","locations":[{"start":{"line":164,"column":27},"end":{"line":164,"column":43},"skip":true},{"start":{"line":164,"column":47},"end":{"line":164,"column":49},"skip":true}]},"18":{"line":258,"type":"if","locations":[{"start":{"line":258,"column":8},"end":{"line":258,"column":8},"skip":true},{"start":{"line":258,"column":8},"end":{"line":258,"column":8},"skip":true}]},"19":{"line":275,"type":"switch","locations":[{"start":{"line":276,"column":20},"end":{"line":277,"column":64},"skip":true},{"start":{"line":278,"column":20},"end":{"line":279,"column":40},"skip":true},{"start":{"line":280,"column":20},"end":{"line":281,"column":40},"skip":true},{"start":{"line":282,"column":20},"end":{"line":283,"column":39},"skip":true}]},"20":{"line":288,"type":"if","locations":[{"start":{"line":288,"column":8},"end":{"line":288,"column":8},"skip":true},{"start":{"line":288,"column":8},"end":{"line":288,"column":8},"skip":true}]},"21":{"line":288,"type":"binary-expr","locations":[{"start":{"line":288,"column":12},"end":{"line":288,"column":40},"skip":true},{"start":{"line":288,"column":44},"end":{"line":288,"column":67},"skip":true}]},"22":{"line":292,"type":"binary-expr","locations":[{"start":{"line":292,"column":12},"end":{"line":292,"column":50},"skip":true},{"start":{"line":293,"column":12},"end":{"line":293,"column":53},"skip":true}]},"23":{"line":295,"type":"binary-expr","locations":[{"start":{"line":295,"column":12},"end":{"line":295,"column":71},"skip":true},{"start":{"line":296,"column":12},"end":{"line":301,"column":36},"skip":true}]},"24":{"line":302,"type":"binary-expr","locations":[{"start":{"line":302,"column":43},"end":{"line":302,"column":75},"skip":true},{"start":{"line":302,"column":79},"end":{"line":302,"column":81},"skip":true}]},"25":{"line":305,"type":"if","locations":[{"start":{"line":305,"column":8},"end":{"line":305,"column":8},"skip":true},{"start":{"line":305,"column":8},"end":{"line":305,"column":8},"skip":true}]},"26":{"line":309,"type":"if","locations":[{"start":{"line":309,"column":8},"end":{"line":309,"column":8},"skip":true},{"start":{"line":309,"column":8},"end":{"line":309,"column":8},"skip":true}]},"27":{"line":312,"type":"binary-expr","locations":[{"start":{"line":312,"column":27},"end":{"line":312,"column":43},"skip":true},{"start":{"line":312,"column":47},"end":{"line":312,"column":53},"skip":true}]},"28":{"line":316,"type":"if","locations":[{"start":{"line":316,"column":12},"end":{"line":316,"column":12},"skip":true},{"start":{"line":316,"column":12},"end":{"line":316,"column":12},"skip":true}]}},"code":["/*","example.js","","quickstart example","","instruction","    1. save this script as example.js","    2. run the shell command:","        $ npm install npmtest-redux-actions && PORT=8081 node example.js","    3. play with the browser-demo on http://127.0.0.1:8081","*/","","","","/* istanbul instrument in package npmtest_redux_actions */","/*jslint","    bitwise: true,","    browser: true,","    maxerr: 8,","    maxlen: 96,","    node: true,","    nomen: true,","    regexp: true,","    stupid: true","*/","(function () {","    'use strict';","    var local;","","","","    // run shared js-env code - pre-init","    (function () {","        // init local","        local = {};","        // init modeJs","        local.modeJs = (function () {","            try {","                return typeof navigator.userAgent === 'string' &&","                    typeof document.querySelector('body') === 'object' &&","                    typeof XMLHttpRequest.prototype.open === 'function' &&","                    'browser';","            } catch (errorCaughtBrowser) {","                return module.exports &&","                    typeof process.versions.node === 'string' &&","                    typeof require('http').createServer === 'function' &&","                    'node';","            }","        }());","        // init global","        local.global = local.modeJs === 'browser'","            ? window","            : global;","        // init utility2_rollup","        local = local.global.utility2_rollup || (local.modeJs === 'browser'","            ? local.global.utility2_npmtest_redux_actions","            : global.utility2_moduleExports);","        // export local","        local.global.local = local;","    }());","    switch (local.modeJs) {","","","","    // post-init","    // run browser js-env code - post-init","    /* istanbul ignore next */","    case 'browser':","        local.testRunBrowser = function (event) {","            if (!event || (event &&","                    event.currentTarget &&","                    event.currentTarget.className &&","                    event.currentTarget.className.includes &&","                    event.currentTarget.className.includes('onreset'))) {","                // reset output","                Array.from(","                    document.querySelectorAll('body > .resettable')","                ).forEach(function (element) {","                    switch (element.tagName) {","                    case 'INPUT':","                    case 'TEXTAREA':","                        element.value = '';","                        break;","                    default:","                        element.textContent = '';","                    }","                });","            }","            switch (event && event.currentTarget && event.currentTarget.id) {","            case 'testRunButton1':","                // show tests","                if (document.querySelector('#testReportDiv1').style.display === 'none') {","                    document.querySelector('#testReportDiv1').style.display = 'block';","                    document.querySelector('#testRunButton1').textContent =","                        'hide internal test';","                    local.modeTest = true;","                    local.testRunDefault(local);","                // hide tests","                } else {","                    document.querySelector('#testReportDiv1').style.display = 'none';","                    document.querySelector('#testRunButton1').textContent = 'run internal test';","                }","                break;","            // custom-case","            default:","                break;","            }","            if (document.querySelector('#inputTextareaEval1') && (!event || (event &&","                    event.currentTarget &&","                    event.currentTarget.className &&","                    event.currentTarget.className.includes &&","                    event.currentTarget.className.includes('oneval')))) {","                // try to eval input-code","                try {","                    /*jslint evil: true*/","                    eval(document.querySelector('#inputTextareaEval1').value);","                } catch (errorCaught) {","                    console.error(errorCaught);","                }","            }","        };","        // log stderr and stdout to #outputTextareaStdout1","        ['error', 'log'].forEach(function (key) {","            console[key + '_original'] = console[key];","            console[key] = function () {","                var element;","                console[key + '_original'].apply(console, arguments);","                element = document.querySelector('#outputTextareaStdout1');","                if (!element) {","                    return;","                }","                // append text to #outputTextareaStdout1","                element.value += Array.from(arguments).map(function (arg) {","                    return typeof arg === 'string'","                        ? arg","                        : JSON.stringify(arg, null, 4);","                }).join(' ') + '\\n';","                // scroll textarea to bottom","                element.scrollTop = element.scrollHeight;","            };","        });","        // init event-handling","        ['change', 'click', 'keyup'].forEach(function (event) {","            Array.from(document.querySelectorAll('.on' + event)).forEach(function (element) {","                element.addEventListener(event, local.testRunBrowser);","            });","        });","        // run tests","        local.testRunBrowser();","        break;","","","","    // run node js-env code - post-init","    /* istanbul ignore next */","    case 'node':","        // export local","        module.exports = local;","        // require modules","        local.fs = require('fs');","        local.http = require('http');","        local.url = require('url');","        // init assets","        local.assetsDict = local.assetsDict || {};","        /* jslint-ignore-begin */","        local.assetsDict['/assets.index.template.html'] = '\\","<!doctype html>\\n\\","<html lang=\"en\">\\n\\","<head>\\n\\","<meta charset=\"UTF-8\">\\n\\","<meta name=\"viewport\" content=\"width=device-width, initial-scale=1\">\\n\\","<title>{{env.npm_package_name}} (v{{env.npm_package_version}})</title>\\n\\","<style>\\n\\","/*csslint\\n\\","    box-sizing: false,\\n\\","    universal-selector: false\\n\\","*/\\n\\","* {\\n\\","    box-sizing: border-box;\\n\\","}\\n\\","body {\\n\\","    background: #dde;\\n\\","    font-family: Arial, Helvetica, sans-serif;\\n\\","    margin: 2rem;\\n\\","}\\n\\","body > * {\\n\\","    margin-bottom: 1rem;\\n\\","}\\n\\",".utility2FooterDiv {\\n\\","    margin-top: 20px;\\n\\","    text-align: center;\\n\\","}\\n\\","</style>\\n\\","<style>\\n\\","/*csslint\\n\\","*/\\n\\","textarea {\\n\\","    font-family: monospace;\\n\\","    height: 10rem;\\n\\","    width: 100%;\\n\\","}\\n\\","textarea[readonly] {\\n\\","    background: #ddd;\\n\\","}\\n\\","</style>\\n\\","</head>\\n\\","<body>\\n\\","<!-- utility2-comment\\n\\","<div id=\"ajaxProgressDiv1\" style=\"background: #d00; height: 2px; left: 0; margin: 0; padding: 0; position: fixed; top: 0; transition: background 0.5s, width 1.5s; width: 25%;\"></div>\\n\\","utility2-comment -->\\n\\","<h1>\\n\\","<!-- utility2-comment\\n\\","    <a\\n\\","        {{#if env.npm_package_homepage}}\\n\\","        href=\"{{env.npm_package_homepage}}\"\\n\\","        {{/if env.npm_package_homepage}}\\n\\","        target=\"_blank\"\\n\\","    >\\n\\","utility2-comment -->\\n\\","        {{env.npm_package_name}} (v{{env.npm_package_version}})\\n\\","<!-- utility2-comment\\n\\","    </a>\\n\\","utility2-comment -->\\n\\","</h1>\\n\\","<h3>{{env.npm_package_description}}</h3>\\n\\","<!-- utility2-comment\\n\\","<h4><a download href=\"assets.app.js\">download standalone app</a></h4>\\n\\","<button class=\"onclick onreset\" id=\"testRunButton1\">run internal test</button><br>\\n\\","<div id=\"testReportDiv1\" style=\"display: none;\"></div>\\n\\","utility2-comment -->\\n\\","\\n\\","\\n\\","\\n\\","<label>stderr and stdout</label>\\n\\","<textarea class=\"resettable\" id=\"outputTextareaStdout1\" readonly></textarea>\\n\\","<!-- utility2-comment\\n\\","{{#if isRollup}}\\n\\","<script src=\"assets.app.js\"></script>\\n\\","{{#unless isRollup}}\\n\\","utility2-comment -->\\n\\","<script src=\"assets.utility2.rollup.js\"></script>\\n\\","<script src=\"jsonp.utility2._stateInit?callback=window.utility2._stateInit\"></script>\\n\\","<script src=\"assets.npmtest_redux_actions.rollup.js\"></script>\\n\\","<script src=\"assets.example.js\"></script>\\n\\","<script src=\"assets.test.js\"></script>\\n\\","<!-- utility2-comment\\n\\","{{/if isRollup}}\\n\\","utility2-comment -->\\n\\","<div class=\"utility2FooterDiv\">\\n\\","    [ this app was created with\\n\\","    <a href=\"https://github.com/kaizhu256/node-utility2\" target=\"_blank\">utility2</a>\\n\\","    ]\\n\\","</div>\\n\\","</body>\\n\\","</html>\\n\\","';","        /* jslint-ignore-end */","        if (local.templateRender) {","            local.assetsDict['/'] = local.templateRender(","                local.assetsDict['/assets.index.template.html'],","                {","                    env: local.objectSetDefault(local.env, {","                        npm_package_description: 'the greatest app in the world!',","                        npm_package_name: 'my-app',","                        npm_package_nameAlias: 'my_app',","                        npm_package_version: '0.0.1'","                    })","                }","            );","        } else {","            local.assetsDict['/'] = local.assetsDict['/assets.index.template.html']","                .replace((/\\{\\{env\\.(\\w+?)\\}\\}/g), function (match0, match1) {","                    // jslint-hack","                    String(match0);","                    switch (match1) {","                    case 'npm_package_description':","                        return 'the greatest app in the world!';","                    case 'npm_package_name':","                        return 'my-app';","                    case 'npm_package_nameAlias':","                        return 'my_app';","                    case 'npm_package_version':","                        return '0.0.1';","                    }","                });","        }","        // run the cli","        if (local.global.utility2_rollup || module !== require.main) {","            break;","        }","        local.assetsDict['/assets.example.js'] =","            local.assetsDict['/assets.example.js'] ||","            local.fs.readFileSync(__filename, 'utf8');","        local.assetsDict['/assets.npmtest_redux_actions.rollup.js'] =","            local.assetsDict['/assets.npmtest_redux_actions.rollup.js'] ||","            local.fs.readFileSync(","                // buildCustomOrg-hack","                local.npmtest_redux_actions.__dirname +","                    '/lib.npmtest_redux_actions.js',","                'utf8'","            ).replace((/^#!/), '//');","        local.assetsDict['/favicon.ico'] = local.assetsDict['/favicon.ico'] || '';","        // if $npm_config_timeout_exit exists,","        // then exit this process after $npm_config_timeout_exit ms","        if (Number(process.env.npm_config_timeout_exit)) {","            setTimeout(process.exit, Number(process.env.npm_config_timeout_exit));","        }","        // start server","        if (local.global.utility2_serverHttp1) {","            break;","        }","        process.env.PORT = process.env.PORT || '8081';","        console.error('server starting on port ' + process.env.PORT);","        local.http.createServer(function (request, response) {","            request.urlParsed = local.url.parse(request.url);","            if (local.assetsDict[request.urlParsed.pathname] !== undefined) {","                response.end(local.assetsDict[request.urlParsed.pathname]);","                return;","            }","            response.statusCode = 404;","            response.end();","        }).listen(process.env.PORT);","        break;","    }","}());",""],"l":{"26":2,"28":2,"33":2,"35":2,"37":2,"38":2,"39":2,"44":1,"51":2,"55":2,"59":2,"61":2,"69":1,"70":2,"76":2,"79":2,"82":2,"83":2,"85":1,"89":2,"92":1,"93":1,"94":1,"96":1,"97":1,"100":1,"101":1,"103":1,"106":1,"108":2,"114":1,"116":1,"118":1,"123":1,"124":2,"125":2,"126":2,"127":2,"128":2,"129":2,"130":1,"133":2,"134":2,"139":2,"143":1,"144":3,"145":1,"149":1,"150":1,"158":1,"160":1,"161":1,"162":1,"164":1,"166":1,"258":1,"259":1,"271":1,"274":6,"275":6,"277":1,"279":2,"281":1,"283":2,"288":1,"289":1,"291":1,"294":1,"302":1,"305":1,"306":1,"309":1,"310":1,"312":1,"313":1,"314":1,"315":1,"316":1,"317":1,"318":1,"320":1,"321":1,"323":1}},"/home/travis/build/npmtest/node-npmtest-redux-actions/node_modules/redux-actions/lib/index.js":{"path":"/home/travis/build/npmtest/node-npmtest-redux-actions/node_modules/redux-actions/lib/index.js","s":{"1":1,"2":1,"3":1,"4":1,"5":1,"6":1,"7":1,"8":1,"9":1,"10":1,"11":1,"12":1,"13":1,"14":5,"15":1,"16":1,"17":1,"18":1,"19":1},"b":{"1":[5,0],"2":[5,5]},"f":{"1":5},"fnMap":{"1":{"name":"_interopRequireDefault","line":28,"loc":{"start":{"line":28,"column":0},"end":{"line":28,"column":37}}}},"statementMap":{"1":{"start":{"line":3,"column":0},"end":{"line":5,"column":3}},"2":{"start":{"line":6,"column":0},"end":{"line":6,"column":129}},"3":{"start":{"line":8,"column":0},"end":{"line":8,"column":46}},"4":{"start":{"line":10,"column":0},"end":{"line":10,"column":59}},"5":{"start":{"line":12,"column":0},"end":{"line":12,"column":46}},"6":{"start":{"line":14,"column":0},"end":{"line":14,"column":59}},"7":{"start":{"line":16,"column":0},"end":{"line":16,"column":48}},"8":{"start":{"line":18,"column":0},"end":{"line":18,"column":61}},"9":{"start":{"line":20,"column":0},"end":{"line":20,"column":50}},"10":{"start":{"line":22,"column":0},"end":{"line":22,"column":63}},"11":{"start":{"line":24,"column":0},"end":{"line":24,"column":48}},"12":{"start":{"line":26,"column":0},"end":{"line":26,"column":61}},"13":{"start":{"line":28,"column":0},"end":{"line":28,"column":95}},"14":{"start":{"line":28,"column":39},"end":{"line":28,"column":93}},"15":{"start":{"line":30,"column":0},"end":{"line":30,"column":46}},"16":{"start":{"line":31,"column":0},"end":{"line":31,"column":48}},"17":{"start":{"line":32,"column":0},"end":{"line":32,"column":46}},"18":{"start":{"line":33,"column":0},"end":{"line":33,"column":48}},"19":{"start":{"line":34,"column":0},"end":{"line":34,"column":50}}},"branchMap":{"1":{"line":28,"type":"cond-expr","locations":[{"start":{"line":28,"column":70},"end":{"line":28,"column":73}},{"start":{"line":28,"column":76},"end":{"line":28,"column":92}}]},"2":{"line":28,"type":"binary-expr","locations":[{"start":{"line":28,"column":46},"end":{"line":28,"column":49}},{"start":{"line":28,"column":53},"end":{"line":28,"column":67}}]}},"code":["'use strict';","","Object.defineProperty(exports, \"__esModule\", {","  value: true","});","exports.combineActions = exports.handleActions = exports.handleAction = exports.createActions = exports.createAction = undefined;","","var _createAction = require('./createAction');","","var _createAction2 = _interopRequireDefault(_createAction);","","var _handleAction = require('./handleAction');","","var _handleAction2 = _interopRequireDefault(_handleAction);","","var _handleActions = require('./handleActions');","","var _handleActions2 = _interopRequireDefault(_handleActions);","","var _combineActions = require('./combineActions');","","var _combineActions2 = _interopRequireDefault(_combineActions);","","var _createActions = require('./createActions');","","var _createActions2 = _interopRequireDefault(_createActions);","","function _interopRequireDefault(obj) { return obj && obj.__esModule ? obj : { default: obj }; }","","exports.createAction = _createAction2.default;","exports.createActions = _createActions2.default;","exports.handleAction = _handleAction2.default;","exports.handleActions = _handleActions2.default;","exports.combineActions = _combineActions2.default;"],"l":{"3":1,"6":1,"8":1,"10":1,"12":1,"14":1,"16":1,"18":1,"20":1,"22":1,"24":1,"26":1,"28":5,"30":1,"31":1,"32":1,"33":1,"34":1}},"/home/travis/build/npmtest/node-npmtest-redux-actions/node_modules/redux-actions/lib/createAction.js":{"path":"/home/travis/build/npmtest/node-npmtest-redux-actions/node_modules/redux-actions/lib/createAction.js","s":{"1":1,"2":1,"3":1,"4":1,"5":1,"6":1,"7":1,"8":1,"9":1,"10":1,"11":1,"12":1,"13":1,"14":5,"15":1,"16":0,"17":0,"18":0,"19":0,"20":0,"21":0,"22":0,"23":0,"24":0,"25":0,"26":0,"27":0,"28":0,"29":0,"30":0,"31":0,"32":0,"33":0},"b":{"1":[0,5],"2":[5,5],"3":[0,0],"4":[0,0],"5":[0,0],"6":[0,0],"7":[0,0],"8":[0,0],"9":[0,0],"10":[0,0],"11":[0,0],"12":[0,0],"13":[0,0]},"f":{"1":5,"2":0,"3":0,"4":0},"fnMap":{"1":{"name":"_interopRequireDefault","line":28,"loc":{"start":{"line":28,"column":0},"end":{"line":28,"column":37}}},"2":{"name":"createAction","line":30,"loc":{"start":{"line":30,"column":0},"end":{"line":30,"column":28}}},"3":{"name":"actionCreator","line":38,"loc":{"start":{"line":38,"column":22},"end":{"line":38,"column":47}}},"4":{"name":"(anonymous_4)","line":62,"loc":{"start":{"line":62,"column":27},"end":{"line":62,"column":39}}}},"statementMap":{"1":{"start":{"line":3,"column":0},"end":{"line":5,"column":3}},"2":{"start":{"line":6,"column":0},"end":{"line":6,"column":31}},"3":{"start":{"line":8,"column":0},"end":{"line":8,"column":43}},"4":{"start":{"line":10,"column":0},"end":{"line":10,"column":51}},"5":{"start":{"line":12,"column":0},"end":{"line":12,"column":47}},"6":{"start":{"line":14,"column":0},"end":{"line":14,"column":55}},"7":{"start":{"line":16,"column":0},"end":{"line":16,"column":49}},"8":{"start":{"line":18,"column":0},"end":{"line":18,"column":57}},"9":{"start":{"line":20,"column":0},"end":{"line":20,"column":39}},"10":{"start":{"line":22,"column":0},"end":{"line":22,"column":47}},"11":{"start":{"line":24,"column":0},"end":{"line":24,"column":38}},"12":{"start":{"line":26,"column":0},"end":{"line":26,"column":53}},"13":{"start":{"line":28,"column":0},"end":{"line":28,"column":95}},"14":{"start":{"line":28,"column":39},"end":{"line":28,"column":93}},"15":{"start":{"line":30,"column":0},"end":{"line":67,"column":1}},"16":{"start":{"line":31,"column":2},"end":{"line":31,"column":111}},"17":{"start":{"line":32,"column":2},"end":{"line":32,"column":33}},"18":{"start":{"line":34,"column":2},"end":{"line":34,"column":174}},"19":{"start":{"line":36,"column":2},"end":{"line":36,"column":104}},"20":{"start":{"line":38,"column":2},"end":{"line":60,"column":4}},"21":{"start":{"line":39,"column":4},"end":{"line":39,"column":87}},"22":{"start":{"line":41,"column":4},"end":{"line":43,"column":6}},"23":{"start":{"line":45,"column":4},"end":{"line":45,"column":128}},"24":{"start":{"line":46,"column":4},"end":{"line":48,"column":5}},"25":{"start":{"line":47,"column":6},"end":{"line":47,"column":31}},"26":{"start":{"line":50,"column":4},"end":{"line":53,"column":5}},"27":{"start":{"line":52,"column":6},"end":{"line":52,"column":26}},"28":{"start":{"line":55,"column":4},"end":{"line":57,"column":5}},"29":{"start":{"line":56,"column":6},"end":{"line":56,"column":60}},"30":{"start":{"line":59,"column":4},"end":{"line":59,"column":18}},"31":{"start":{"line":62,"column":2},"end":{"line":64,"column":4}},"32":{"start":{"line":63,"column":4},"end":{"line":63,"column":27}},"33":{"start":{"line":66,"column":2},"end":{"line":66,"column":23}}},"branchMap":{"1":{"line":28,"type":"cond-expr","locations":[{"start":{"line":28,"column":70},"end":{"line":28,"column":73}},{"start":{"line":28,"column":76},"end":{"line":28,"column":92}}]},"2":{"line":28,"type":"binary-expr","locations":[{"start":{"line":28,"column":46},"end":{"line":28,"column":49}},{"start":{"line":28,"column":53},"end":{"line":28,"column":67}}]},"3":{"line":31,"type":"cond-expr","locations":[{"start":{"line":31,"column":77},"end":{"line":31,"column":95}},{"start":{"line":31,"column":98},"end":{"line":31,"column":110}}]},"4":{"line":31,"type":"binary-expr","locations":[{"start":{"line":31,"column":23},"end":{"line":31,"column":44}},{"start":{"line":31,"column":48},"end":{"line":31,"column":74}}]},"5":{"line":34,"type":"binary-expr","locations":[{"start":{"line":34,"column":27},"end":{"line":34,"column":68}},{"start":{"line":34,"column":72},"end":{"line":34,"column":109}}]},"6":{"line":36,"type":"cond-expr","locations":[{"start":{"line":36,"column":68},"end":{"line":36,"column":86}},{"start":{"line":36,"column":89},"end":{"line":36,"column":103}}]},"7":{"line":39,"type":"cond-expr","locations":[{"start":{"line":39,"column":44},"end":{"line":39,"column":53}},{"start":{"line":39,"column":56},"end":{"line":39,"column":68}}]},"8":{"line":45,"type":"cond-expr","locations":[{"start":{"line":45,"column":29},"end":{"line":45,"column":77}},{"start":{"line":45,"column":80},"end":{"line":45,"column":127}}]},"9":{"line":45,"type":"cond-expr","locations":[{"start":{"line":45,"column":53},"end":{"line":45,"column":62}},{"start":{"line":45,"column":65},"end":{"line":45,"column":77}}]},"10":{"line":46,"type":"if","locations":[{"start":{"line":46,"column":4},"end":{"line":46,"column":4}},{"start":{"line":46,"column":4},"end":{"line":46,"column":4}}]},"11":{"line":50,"type":"if","locations":[{"start":{"line":50,"column":4},"end":{"line":50,"column":4}},{"start":{"line":50,"column":4},"end":{"line":50,"column":4}}]},"12":{"line":50,"type":"binary-expr","locations":[{"start":{"line":50,"column":8},"end":{"line":50,"column":16}},{"start":{"line":50,"column":20},"end":{"line":50,"column":44}}]},"13":{"line":55,"type":"if","locations":[{"start":{"line":55,"column":4},"end":{"line":55,"column":4}},{"start":{"line":55,"column":4},"end":{"line":55,"column":4}}]}},"code":["'use strict';","","Object.defineProperty(exports, \"__esModule\", {","  value: true","});","exports.default = createAction;","","var _identity = require('lodash/identity');","","var _identity2 = _interopRequireDefault(_identity);","","var _isFunction = require('lodash/isFunction');","","var _isFunction2 = _interopRequireDefault(_isFunction);","","var _isUndefined = require('lodash/isUndefined');","","var _isUndefined2 = _interopRequireDefault(_isUndefined);","","var _isNull = require('lodash/isNull');","","var _isNull2 = _interopRequireDefault(_isNull);","","var _invariant = require('invariant');","","var _invariant2 = _interopRequireDefault(_invariant);","","function _interopRequireDefault(obj) { return obj && obj.__esModule ? obj : { default: obj }; }","","function createAction(type) {","  var payloadCreator = arguments.length <= 1 || arguments[1] === undefined ? _identity2.default : arguments[1];","  var metaCreator = arguments[2];","","  (0, _invariant2.default)((0, _isFunction2.default)(payloadCreator) || (0, _isNull2.default)(payloadCreator), 'Expected payloadCreator to be a function, undefined or null');","","  var finalPayloadCreator = (0, _isNull2.default)(payloadCreator) ? _identity2.default : payloadCreator;","","  var actionCreator = function actionCreator() {","    var hasError = (arguments.length <= 0 ? undefined : arguments[0]) instanceof Error;","","    var action = {","      type: type","    };","","    var payload = hasError ? arguments.length <= 0 ? undefined : arguments[0] : finalPayloadCreator.apply(undefined, arguments);","    if (!(0, _isUndefined2.default)(payload)) {","      action.payload = payload;","    }","","    if (hasError || payload instanceof Error) {","      // Handle FSA errors where the payload is an Error object. Set error.","      action.error = true;","    }","","    if ((0, _isFunction2.default)(metaCreator)) {","      action.meta = metaCreator.apply(undefined, arguments);","    }","","    return action;","  };","","  actionCreator.toString = function () {","    return type.toString();","  };","","  return actionCreator;","}"],"l":{"3":1,"6":1,"8":1,"10":1,"12":1,"14":1,"16":1,"18":1,"20":1,"22":1,"24":1,"26":1,"28":5,"30":1,"31":0,"32":0,"34":0,"36":0,"38":0,"39":0,"41":0,"45":0,"46":0,"47":0,"50":0,"52":0,"55":0,"56":0,"59":0,"62":0,"63":0,"66":0}},"/home/travis/build/npmtest/node-npmtest-redux-actions/node_modules/redux-actions/lib/handleAction.js":{"path":"/home/travis/build/npmtest/node-npmtest-redux-actions/node_modules/redux-actions/lib/handleAction.js","s":{"1":1,"2":1,"3":1,"4":0,"5":0,"6":0,"7":0,"8":0,"9":0,"10":0,"11":0,"12":0,"13":0,"14":0,"15":0,"16":0,"17":0,"18":0,"19":0,"20":0,"21":1,"22":0,"23":0,"24":0,"25":0,"26":0,"27":1,"28":1,"29":1,"30":1,"31":1,"32":1,"33":1,"34":1,"35":1,"36":1,"37":1,"38":1,"39":1,"40":1,"41":1,"42":1,"43":1,"44":7,"45":1,"46":0,"47":0,"48":0,"49":0,"50":0,"51":0,"52":0,"53":0,"54":0,"55":0,"56":0,"57":0,"58":0,"59":0,"60":0,"61":0,"62":0},"b":{"1":[0,0],"2":[0,0],"3":[0,0],"4":[0,0],"5":[0,0],"6":[0,0],"7":[0,0],"8":[0,7],"9":[7,7],"10":[0,0],"11":[0,0],"12":[0,0],"13":[0,0],"14":[0,0],"15":[0,0],"16":[0,0],"17":[0,0],"18":[0,0],"19":[0,0]},"f":{"1":1,"2":0,"3":0,"4":7,"5":0,"6":0,"7":0},"fnMap":{"1":{"name":"(anonymous_1)","line":7,"loc":{"start":{"line":7,"column":21},"end":{"line":7,"column":33}}},"2":{"name":"sliceIterator","line":7,"loc":{"start":{"line":7,"column":35},"end":{"line":7,"column":66}}},"3":{"name":"(anonymous_3)","line":7,"loc":{"start":{"line":7,"column":436},"end":{"line":7,"column":454}}},"4":{"name":"_interopRequireDefault","line":41,"loc":{"start":{"line":41,"column":0},"end":{"line":41,"column":37}}},"5":{"name":"handleAction","line":43,"loc":{"start":{"line":43,"column":0},"end":{"line":43,"column":28}}},"6":{"name":"(anonymous_6)","line":51,"loc":{"start":{"line":51,"column":105},"end":{"line":51,"column":125}}},"7":{"name":"(anonymous_7)","line":61,"loc":{"start":{"line":61,"column":9},"end":{"line":61,"column":21}}}},"statementMap":{"1":{"start":{"line":3,"column":0},"end":{"line":5,"column":3}},"2":{"start":{"line":7,"column":0},"end":{"line":7,"column":664}},"3":{"start":{"line":7,"column":35},"end":{"line":7,"column":428}},"4":{"start":{"line":7,"column":68},"end":{"line":7,"column":82}},"5":{"start":{"line":7,"column":83},"end":{"line":7,"column":97}},"6":{"start":{"line":7,"column":98},"end":{"line":7,"column":113}},"7":{"start":{"line":7,"column":114},"end":{"line":7,"column":133}},"8":{"start":{"line":7,"column":134},"end":{"line":7,"column":413}},"9":{"start":{"line":7,"column":140},"end":{"line":7,"column":283}},"10":{"start":{"line":7,"column":226},"end":{"line":7,"column":246}},"11":{"start":{"line":7,"column":247},"end":{"line":7,"column":281}},"12":{"start":{"line":7,"column":275},"end":{"line":7,"column":281}},"13":{"start":{"line":7,"column":300},"end":{"line":7,"column":310}},"14":{"start":{"line":7,"column":311},"end":{"line":7,"column":320}},"15":{"start":{"line":7,"column":333},"end":{"line":7,"column":411}},"16":{"start":{"line":7,"column":339},"end":{"line":7,"column":379}},"17":{"start":{"line":7,"column":364},"end":{"line":7,"column":379}},"18":{"start":{"line":7,"column":392},"end":{"line":7,"column":409}},"19":{"start":{"line":7,"column":400},"end":{"line":7,"column":409}},"20":{"start":{"line":7,"column":414},"end":{"line":7,"column":426}},"21":{"start":{"line":7,"column":429},"end":{"line":7,"column":659}},"22":{"start":{"line":7,"column":456},"end":{"line":7,"column":656}},"23":{"start":{"line":7,"column":482},"end":{"line":7,"column":493}},"24":{"start":{"line":7,"column":501},"end":{"line":7,"column":656}},"25":{"start":{"line":7,"column":539},"end":{"line":7,"column":568}},"26":{"start":{"line":7,"column":578},"end":{"line":7,"column":654}},"27":{"start":{"line":9,"column":0},"end":{"line":9,"column":31}},"28":{"start":{"line":11,"column":0},"end":{"line":11,"column":47}},"29":{"start":{"line":13,"column":0},"end":{"line":13,"column":55}},"30":{"start":{"line":15,"column":0},"end":{"line":15,"column":53}},"31":{"start":{"line":17,"column":0},"end":{"line":17,"column":61}},"32":{"start":{"line":19,"column":0},"end":{"line":19,"column":43}},"33":{"start":{"line":21,"column":0},"end":{"line":21,"column":51}},"34":{"start":{"line":23,"column":0},"end":{"line":23,"column":37}},"35":{"start":{"line":25,"column":0},"end":{"line":25,"column":45}},"36":{"start":{"line":27,"column":0},"end":{"line":27,"column":49}},"37":{"start":{"line":29,"column":0},"end":{"line":29,"column":57}},"38":{"start":{"line":31,"column":0},"end":{"line":31,"column":43}},"39":{"start":{"line":33,"column":0},"end":{"line":33,"column":51}},"40":{"start":{"line":35,"column":0},"end":{"line":35,"column":38}},"41":{"start":{"line":37,"column":0},"end":{"line":37,"column":53}},"42":{"start":{"line":39,"column":0},"end":{"line":39,"column":50}},"43":{"start":{"line":41,"column":0},"end":{"line":41,"column":95}},"44":{"start":{"line":41,"column":39},"end":{"line":41,"column":93}},"45":{"start":{"line":43,"column":0},"end":{"line":72,"column":1}},"46":{"start":{"line":44,"column":2},"end":{"line":44,"column":104}},"47":{"start":{"line":45,"column":2},"end":{"line":45,"column":34}},"48":{"start":{"line":47,"column":2},"end":{"line":47,"column":75}},"49":{"start":{"line":48,"column":2},"end":{"line":48,"column":150}},"50":{"start":{"line":49,"column":2},"end":{"line":49,"column":180}},"51":{"start":{"line":51,"column":2},"end":{"line":53,"column":5}},"52":{"start":{"line":52,"column":4},"end":{"line":52,"column":74}},"53":{"start":{"line":55,"column":2},"end":{"line":55,"column":38}},"54":{"start":{"line":57,"column":2},"end":{"line":57,"column":29}},"55":{"start":{"line":58,"column":2},"end":{"line":58,"column":30}},"56":{"start":{"line":61,"column":2},"end":{"line":71,"column":4}},"57":{"start":{"line":62,"column":4},"end":{"line":62,"column":98}},"58":{"start":{"line":63,"column":4},"end":{"line":63,"column":30}},"59":{"start":{"line":64,"column":4},"end":{"line":64,"column":33}},"60":{"start":{"line":66,"column":4},"end":{"line":68,"column":5}},"61":{"start":{"line":67,"column":6},"end":{"line":67,"column":19}},"62":{"start":{"line":70,"column":4},"end":{"line":70,"column":79}}},"branchMap":{"1":{"line":7,"type":"if","locations":[{"start":{"line":7,"column":247},"end":{"line":7,"column":247}},{"start":{"line":7,"column":247},"end":{"line":7,"column":247}}]},"2":{"line":7,"type":"binary-expr","locations":[{"start":{"line":7,"column":251},"end":{"line":7,"column":252}},{"start":{"line":7,"column":256},"end":{"line":7,"column":273}}]},"3":{"line":7,"type":"if","locations":[{"start":{"line":7,"column":339},"end":{"line":7,"column":339}},{"start":{"line":7,"column":339},"end":{"line":7,"column":339}}]},"4":{"line":7,"type":"binary-expr","locations":[{"start":{"line":7,"column":343},"end":{"line":7,"column":346}},{"start":{"line":7,"column":350},"end":{"line":7,"column":362}}]},"5":{"line":7,"type":"if","locations":[{"start":{"line":7,"column":392},"end":{"line":7,"column":392}},{"start":{"line":7,"column":392},"end":{"line":7,"column":392}}]},"6":{"line":7,"type":"if","locations":[{"start":{"line":7,"column":456},"end":{"line":7,"column":456}},{"start":{"line":7,"column":456},"end":{"line":7,"column":456}}]},"7":{"line":7,"type":"if","locations":[{"start":{"line":7,"column":501},"end":{"line":7,"column":501}},{"start":{"line":7,"column":501},"end":{"line":7,"column":501}}]},"8":{"line":41,"type":"cond-expr","locations":[{"start":{"line":41,"column":70},"end":{"line":41,"column":73}},{"start":{"line":41,"column":76},"end":{"line":41,"column":92}}]},"9":{"line":41,"type":"binary-expr","locations":[{"start":{"line":41,"column":46},"end":{"line":41,"column":49}},{"start":{"line":41,"column":53},"end":{"line":41,"column":67}}]},"10":{"line":44,"type":"cond-expr","locations":[{"start":{"line":44,"column":70},"end":{"line":44,"column":88}},{"start":{"line":44,"column":91},"end":{"line":44,"column":103}}]},"11":{"line":44,"type":"binary-expr","locations":[{"start":{"line":44,"column":16},"end":{"line":44,"column":37}},{"start":{"line":44,"column":41},"end":{"line":44,"column":67}}]},"12":{"line":49,"type":"binary-expr","locations":[{"start":{"line":49,"column":27},"end":{"line":49,"column":61}},{"start":{"line":49,"column":65},"end":{"line":49,"column":102}}]},"13":{"line":51,"type":"cond-expr","locations":[{"start":{"line":51,"column":50},"end":{"line":51,"column":68}},{"start":{"line":51,"column":71},"end":{"line":53,"column":4}}]},"14":{"line":52,"type":"cond-expr","locations":[{"start":{"line":52,"column":44},"end":{"line":52,"column":62}},{"start":{"line":52,"column":65},"end":{"line":52,"column":73}}]},"15":{"line":62,"type":"cond-expr","locations":[{"start":{"line":62,"column":70},"end":{"line":62,"column":82}},{"start":{"line":62,"column":85},"end":{"line":62,"column":97}}]},"16":{"line":62,"type":"binary-expr","locations":[{"start":{"line":62,"column":16},"end":{"line":62,"column":37}},{"start":{"line":62,"column":41},"end":{"line":62,"column":67}}]},"17":{"line":66,"type":"if","locations":[{"start":{"line":66,"column":4},"end":{"line":66,"column":4}},{"start":{"line":66,"column":4},"end":{"line":66,"column":4}}]},"18":{"line":66,"type":"binary-expr","locations":[{"start":{"line":66,"column":8},"end":{"line":66,"column":19}},{"start":{"line":66,"column":23},"end":{"line":66,"column":77}}]},"19":{"line":70,"type":"cond-expr","locations":[{"start":{"line":70,"column":36},"end":{"line":70,"column":48}},{"start":{"line":70,"column":51},"end":{"line":70,"column":62}}]}},"code":["'use strict';","","Object.defineProperty(exports, \"__esModule\", {","  value: true","});","","var _slicedToArray = function () { function sliceIterator(arr, i) { var _arr = []; var _n = true; var _d = false; var _e = undefined; try { for (var _i = arr[Symbol.iterator](), _s; !(_n = (_s = _i.next()).done); _n = true) { _arr.push(_s.value); if (i && _arr.length === i) break; } } catch (err) { _d = true; _e = err; } finally { try { if (!_n && _i[\"return\"]) _i[\"return\"](); } finally { if (_d) throw _e; } } return _arr; } return function (arr, i) { if (Array.isArray(arr)) { return arr; } else if (Symbol.iterator in Object(arr)) { return sliceIterator(arr, i); } else { throw new TypeError(\"Invalid attempt to destructure non-iterable instance\"); } }; }();","","exports.default = handleAction;","","var _isFunction = require('lodash/isFunction');","","var _isFunction2 = _interopRequireDefault(_isFunction);","","var _isPlainObject = require('lodash/isPlainObject');","","var _isPlainObject2 = _interopRequireDefault(_isPlainObject);","","var _identity = require('lodash/identity');","","var _identity2 = _interopRequireDefault(_identity);","","var _isNil = require('lodash/isNil');","","var _isNil2 = _interopRequireDefault(_isNil);","","var _isUndefined = require('lodash/isUndefined');","","var _isUndefined2 = _interopRequireDefault(_isUndefined);","","var _includes = require('lodash/includes');","","var _includes2 = _interopRequireDefault(_includes);","","var _invariant = require('invariant');","","var _invariant2 = _interopRequireDefault(_invariant);","","var _combineActions = require('./combineActions');","","function _interopRequireDefault(obj) { return obj && obj.__esModule ? obj : { default: obj }; }","","function handleAction(type) {","  var reducer = arguments.length <= 1 || arguments[1] === undefined ? _identity2.default : arguments[1];","  var defaultState = arguments[2];","","  var types = type.toString().split(_combineActions.ACTION_TYPE_DELIMITER);","  (0, _invariant2.default)(!(0, _isUndefined2.default)(defaultState), 'defaultState for reducer handling ' + types.join(', ') + ' should be defined');","  (0, _invariant2.default)((0, _isFunction2.default)(reducer) || (0, _isPlainObject2.default)(reducer), 'Expected reducer to be a function or object with next and throw reducers');","","  var _ref = (0, _isFunction2.default)(reducer) ? [reducer, reducer] : [reducer.next, reducer.throw].map(function (aReducer) {","    return (0, _isNil2.default)(aReducer) ? _identity2.default : aReducer;","  });","","  var _ref2 = _slicedToArray(_ref, 2);","","  var nextReducer = _ref2[0];","  var throwReducer = _ref2[1];","","","  return function () {","    var state = arguments.length <= 0 || arguments[0] === undefined ? defaultState : arguments[0];","    var action = arguments[1];","    var actionType = action.type;","","    if (!actionType || !(0, _includes2.default)(types, actionType.toString())) {","      return state;","    }","","    return (action.error === true ? throwReducer : nextReducer)(state, action);","  };","}"],"l":{"3":1,"7":1,"9":1,"11":1,"13":1,"15":1,"17":1,"19":1,"21":1,"23":1,"25":1,"27":1,"29":1,"31":1,"33":1,"35":1,"37":1,"39":1,"41":7,"43":1,"44":0,"45":0,"47":0,"48":0,"49":0,"51":0,"52":0,"55":0,"57":0,"58":0,"61":0,"62":0,"63":0,"64":0,"66":0,"67":0,"70":0}},"/home/travis/build/npmtest/node-npmtest-redux-actions/node_modules/redux-actions/lib/combineActions.js":{"path":"/home/travis/build/npmtest/node-npmtest-redux-actions/node_modules/redux-actions/lib/combineActions.js","s":{"1":1,"2":1,"3":1,"4":1,"5":1,"6":1,"7":1,"8":1,"9":1,"10":1,"11":1,"12":1,"13":1,"14":1,"15":1,"16":1,"17":6,"18":1,"19":1,"20":0,"21":1,"22":0,"23":0,"24":0,"25":1,"26":0,"27":0,"28":0,"29":0,"30":0,"31":0},"b":{"1":[0,6],"2":[6,6],"3":[0,0,0],"4":[0,0]},"f":{"1":6,"2":0,"3":0,"4":0,"5":0},"fnMap":{"1":{"name":"_interopRequireDefault","line":33,"loc":{"start":{"line":33,"column":0},"end":{"line":33,"column":37}}},"2":{"name":"isValidActionType","line":37,"loc":{"start":{"line":37,"column":0},"end":{"line":37,"column":33}}},"3":{"name":"isValidActionTypes","line":41,"loc":{"start":{"line":41,"column":0},"end":{"line":41,"column":35}}},"4":{"name":"combineActions","line":48,"loc":{"start":{"line":48,"column":0},"end":{"line":48,"column":26}}},"5":{"name":"toString","line":55,"loc":{"start":{"line":55,"column":21},"end":{"line":55,"column":41}}}},"statementMap":{"1":{"start":{"line":3,"column":0},"end":{"line":5,"column":3}},"2":{"start":{"line":6,"column":0},"end":{"line":6,"column":42}},"3":{"start":{"line":7,"column":0},"end":{"line":7,"column":33}},"4":{"start":{"line":9,"column":0},"end":{"line":9,"column":43}},"5":{"start":{"line":11,"column":0},"end":{"line":11,"column":51}},"6":{"start":{"line":13,"column":0},"end":{"line":13,"column":47}},"7":{"start":{"line":15,"column":0},"end":{"line":15,"column":55}},"8":{"start":{"line":17,"column":0},"end":{"line":17,"column":41}},"9":{"start":{"line":19,"column":0},"end":{"line":19,"column":49}},"10":{"start":{"line":21,"column":0},"end":{"line":21,"column":43}},"11":{"start":{"line":23,"column":0},"end":{"line":23,"column":51}},"12":{"start":{"line":25,"column":0},"end":{"line":25,"column":43}},"13":{"start":{"line":27,"column":0},"end":{"line":27,"column":51}},"14":{"start":{"line":29,"column":0},"end":{"line":29,"column":38}},"15":{"start":{"line":31,"column":0},"end":{"line":31,"column":53}},"16":{"start":{"line":33,"column":0},"end":{"line":33,"column":95}},"17":{"start":{"line":33,"column":39},"end":{"line":33,"column":93}},"18":{"start":{"line":35,"column":0},"end":{"line":35,"column":65}},"19":{"start":{"line":37,"column":0},"end":{"line":39,"column":1}},"20":{"start":{"line":38,"column":2},"end":{"line":38,"column":107}},"21":{"start":{"line":41,"column":0},"end":{"line":46,"column":1}},"22":{"start":{"line":42,"column":2},"end":{"line":44,"column":3}},"23":{"start":{"line":43,"column":4},"end":{"line":43,"column":17}},"24":{"start":{"line":45,"column":2},"end":{"line":45,"column":40}},"25":{"start":{"line":48,"column":0},"end":{"line":58,"column":1}},"26":{"start":{"line":49,"column":2},"end":{"line":51,"column":3}},"27":{"start":{"line":50,"column":4},"end":{"line":50,"column":41}},"28":{"start":{"line":53,"column":2},"end":{"line":53,"column":129}},"29":{"start":{"line":54,"column":2},"end":{"line":54,"column":92}},"30":{"start":{"line":55,"column":2},"end":{"line":57,"column":8}},"31":{"start":{"line":56,"column":6},"end":{"line":56,"column":32}}},"branchMap":{"1":{"line":33,"type":"cond-expr","locations":[{"start":{"line":33,"column":70},"end":{"line":33,"column":73}},{"start":{"line":33,"column":76},"end":{"line":33,"column":92}}]},"2":{"line":33,"type":"binary-expr","locations":[{"start":{"line":33,"column":46},"end":{"line":33,"column":49}},{"start":{"line":33,"column":53},"end":{"line":33,"column":67}}]},"3":{"line":38,"type":"binary-expr","locations":[{"start":{"line":38,"column":9},"end":{"line":38,"column":38}},{"start":{"line":38,"column":42},"end":{"line":38,"column":73}},{"start":{"line":38,"column":77},"end":{"line":38,"column":106}}]},"4":{"line":42,"type":"if","locations":[{"start":{"line":42,"column":2},"end":{"line":42,"column":2}},{"start":{"line":42,"column":2},"end":{"line":42,"column":2}}]}},"code":["'use strict';","","Object.defineProperty(exports, \"__esModule\", {","  value: true","});","exports.ACTION_TYPE_DELIMITER = undefined;","exports.default = combineActions;","","var _isString = require('lodash/isString');","","var _isString2 = _interopRequireDefault(_isString);","","var _isFunction = require('lodash/isFunction');","","var _isFunction2 = _interopRequireDefault(_isFunction);","","var _isEmpty = require('lodash/isEmpty');","","var _isEmpty2 = _interopRequireDefault(_isEmpty);","","var _toString = require('lodash/toString');","","var _toString2 = _interopRequireDefault(_toString);","","var _isSymbol = require('lodash/isSymbol');","","var _isSymbol2 = _interopRequireDefault(_isSymbol);","","var _invariant = require('invariant');","","var _invariant2 = _interopRequireDefault(_invariant);","","function _interopRequireDefault(obj) { return obj && obj.__esModule ? obj : { default: obj }; }","","var ACTION_TYPE_DELIMITER = exports.ACTION_TYPE_DELIMITER = '||';","","function isValidActionType(type) {","  return (0, _isString2.default)(type) || (0, _isFunction2.default)(type) || (0, _isSymbol2.default)(type);","}","","function isValidActionTypes(types) {","  if ((0, _isEmpty2.default)(types)) {","    return false;","  }","  return types.every(isValidActionType);","}","","function combineActions() {","  for (var _len = arguments.length, actionsTypes = Array(_len), _key = 0; _key < _len; _key++) {","    actionsTypes[_key] = arguments[_key];","  }","","  (0, _invariant2.default)(isValidActionTypes(actionsTypes), 'Expected action types to be strings, symbols, or action creators');","  var combinedActionType = actionsTypes.map(_toString2.default).join(ACTION_TYPE_DELIMITER);","  return { toString: function toString() {","      return combinedActionType;","    } };","}"],"l":{"3":1,"6":1,"7":1,"9":1,"11":1,"13":1,"15":1,"17":1,"19":1,"21":1,"23":1,"25":1,"27":1,"29":1,"31":1,"33":6,"35":1,"37":1,"38":0,"41":1,"42":0,"43":0,"45":0,"48":1,"49":0,"50":0,"53":0,"54":0,"55":0,"56":0}},"/home/travis/build/npmtest/node-npmtest-redux-actions/node_modules/redux-actions/lib/handleActions.js":{"path":"/home/travis/build/npmtest/node-npmtest-redux-actions/node_modules/redux-actions/lib/handleActions.js","s":{"1":1,"2":1,"3":1,"4":1,"5":1,"6":1,"7":1,"8":1,"9":1,"10":1,"11":1,"12":1,"13":1,"14":5,"15":1,"16":0,"17":0,"18":0,"19":0,"20":0,"21":1,"22":0,"23":0,"24":0,"25":0,"26":0,"27":0,"28":0,"29":0},"b":{"1":[2,3],"2":[5,5],"3":[0,0],"4":[0,0],"5":[0,0]},"f":{"1":5,"2":0,"3":0,"4":0,"5":0},"fnMap":{"1":{"name":"_interopRequireDefault","line":28,"loc":{"start":{"line":28,"column":0},"end":{"line":28,"column":37}}},"2":{"name":"_toConsumableArray","line":30,"loc":{"start":{"line":30,"column":0},"end":{"line":30,"column
[...]
, writable: true }); } else { obj[key] = value; } return obj; }","","function _toConsumableArray(arr) { if (Array.isArray(arr)) { for (var i = 0, arr2 = Array(arr.length); i < arr.length; i++) { arr2[i] = arr[i]; } return arr2; } else { return Array.from(arr); } }","","function createActions(actionMap) {","  for (var _len = arguments.length, identityActions = Array(_len > 1 ? _len - 1 : 0), _key = 1; _key < _len; _key++) {","    identityActions[_key - 1] = arguments[_key];","  }","","  function getFullOptions() {","    var partialOptions = (0, _isPlainObject2.default)((0, _last2.default)(identityActions)) ? identityActions.pop() : {};","    return (0, _defaults2.default)(partialOptions, { namespace: _namespaceActions.defaultNamespace });","  }","","  var _getFullOptions = getFullOptions();","","  var namespace = _getFullOptions.namespace;","","  (0, _invariant2.default)(identityActions.every(_isString2.default) && ((0, _isString2.default)(actionMap) || (0, _isPlainObject2.default)(actionMap)), 'Expected optional object followed by string action types');","  if ((0, _isString2.default)(actionMap)) {","    return actionCreatorsFromIdentityActions([actionMap].concat(identityActions));","  }","  return _extends({}, actionCreatorsFromActionMap(actionMap, namespace), actionCreatorsFromIdentityActions(identityActions));","}","","function actionCreatorsFromActionMap(actionMap, namespace) {","  var flatActionMap = (0, _namespaceActions.flattenActionMap)(actionMap, namespace);","  var flatActionCreators = actionMapToActionCreators(flatActionMap);","  return (0, _namespaceActions.unflattenActionCreators)(flatActionCreators, namespace);","}","","function actionMapToActionCreators(actionMap) {","  function isValidActionMapValue(actionMapValue) {","    if ((0, _isFunction2.default)(actionMapValue)) {","      return true;","    } else if ((0, _isArray2.default)(actionMapValue)) {","      var _actionMapValue = _slicedToArray(actionMapValue, 2);","","      var _actionMapValue$ = _actionMapValue[0];","      var payload = _actionMapValue$ === undefined ? _identity2.default : _actionMapValue$;","      var meta = _actionMapValue[1];","","      return (0, _isFunction2.default)(payload) && (0, _isFunction2.default)(meta);","    }","    return false;","  }","","  return (0, _arrayToObject2.default)(Object.keys(actionMap), function (partialActionCreators, type) {","    var actionMapValue = actionMap[type];","    (0, _invariant2.default)(isValidActionMapValue(actionMapValue), 'Expected function, undefined, or array with payload and meta ' + ('functions for ' + type));","    var actionCreator = (0, _isArray2.default)(actionMapValue) ? _createAction2.default.apply(undefined, [type].concat(_toConsumableArray(actionMapValue))) : (0, _createAction2.default)(type, actionMapValue);","    return _extends({}, partialActionCreators, _defineProperty({}, type, actionCreator));","  });","}","","function actionCreatorsFromIdentityActions(identityActions) {","  var actionMap = (0, _arrayToObject2.default)(identityActions, function (partialActionMap, type) {","    return _extends({}, partialActionMap, _defineProperty({}, type, _identity2.default));","  });","  var actionCreators = actionMapToActionCreators(actionMap);","  return (0, _arrayToObject2.default)(Object.keys(actionCreators), function (partialActionCreators, type) {","    return _extends({}, partialActionCreators, _defineProperty({}, (0, _camelCase2.default)(type), actionCreators[type]));","  });","}"],"l":{"3":1,"7":1,"9":1,"11":1,"13":1,"15":1,"17":1,"19":1,"21":1,"23":1,"25":1,"27":1,"29":1,"31":1,"33":1,"35":1,"37":1,"39":1,"41":1,"43":1,"45":1,"47":1,"49":1,"51":1,"53":1,"55":1,"57":1,"59":11,"61":1,"63":1,"65":1,"66":0,"67":0,"70":1,"71":0,"72":0,"75":0,"77":0,"79":0,"80":0,"81":0,"83":0,"86":1,"87":0,"88":0,"89":0,"92":1,"93":1,"94":0,"95":0,"96":0,"97":0,"99":0,"100":0,"101":0,"103":0,"105":0,"108":0,"109":0,"110":0,"111":0,"112":0,"116":1,"117":0,"118":0,"120":0,"121":0,"122":0}},"/home/travis/build/npmtest/node-npmtest-redux-actions/node_modules/redux-actions/lib/camelCase.js":{"path":"/home/travis/build/npmtest/node-npmtest-redux-actions/node_modules/redux-actions/lib/camelCase.js","s":{"1":1,"2":1,"3":1,"4":1,"5":0,"6":0,"7":1,"8":0},"b":{"1":[0,0]},"f":{"1":0,"2":0,"3":0},"fnMap":{"1":{"name":"camelCase","line":11,"loc":{"start":{"line":11,"column":0},"end":{"line":11,"column":27}}},"2":{"name":"(anonymous_2)","line":12,"loc":{"start":{"line":12,"column":42},"end":{"line":12,"column":77}}},"3":{"name":"(anonymous_3)","line":17,"loc":{"start":{"line":17,"column":18},"end":{"line":17,"column":34}}}},"statementMap":{"1":{"start":{"line":3,"column":0},"end":{"line":5,"column":3}},"2":{"start":{"line":8,"column":0},"end":{"line":8,"column":2008}},"3":{"start":{"line":9,"column":0},"end":{"line":9,"column":21}},"4":{"start":{"line":11,"column":0},"end":{"line":15,"column":1}},"5":{"start":{"line":12,"column":2},"end":{"line":14,"column":9}},"6":{"start":{"line":13,"column":4},"end":{"line":13,"column":124}},"7":{"start":{"line":17,"column":0},"end":{"line":19,"column":2}},"8":{"start":{"line":18,"column":2},"end":{"line":18,"column":64}}},"branchMap":{"1":{"line":13,"type":"cond-expr","locations":[{"start":{"line":13,"column":39},"end":{"line":13,"column":57}},{"start":{"line":13,"column":60},"end":{"line":13,"column":122}}]}},"code":["'use strict';","","Object.defineProperty(exports, \"__esModule\", {","  value: true","});","// based on https://github.com/lodash/lodash/blob/4.17.2/lodash.js#L14100","// eslint-disable-next-line max-len","var wordPattern = /[A-Z\\xc0-\\xd6\\xd8-\\xde]?[a-z\\xdf-\\xf6\\xf8-\\xff]+(?:['’](?:d|ll|m|re|s|t|ve))?(?=[\\xac\\xb1\\xd7\\xf7\\x00-\\x2f\\x3a-\\x40\\x5b-\\x60\\x7b-\\xbf\\u2000-\\u206f \\t\\x0b\\f\\xa0\\ufeff\\n\\r\\u2028\\u2029\\u1680\\u180e\\u2000\\u2001\\u2002\\u2003\\u2004\\u2005\\u2006\\u2007\\u2008\\u2009\\u200a\\u202f\\u205f\\u3000]|[A-Z\\xc0-\\xd6\\xd8-\\xde]|$)|(?:[A-Z\\xc0-\\xd6\\xd8-\\xde]|[^\\ud800-\\udfff\\xac\\xb1\\xd7\\xf7\\x00-\\x2f\\x3a-\\x40\\x5b-\\x60\\x7b-\\xbf\\u2000-\\u206f \\t\\x0b\\f\\xa0\\ufeff\\n\\r\\u2028\\u2029\\u1680\\u180e\\u2000\\u2001\\u2002\\u2003\\u2004\\u2005\\u2006\\u2007\\u2008\\u2009\\u200a\\u202f\\u205f\\u3000\\d+\\u2700-\\u27bfa-z\\xdf-\\xf6\\xf8-\\xffA-Z\\xc0-\\xd6\\xd8-\\xde])+(?:['’](?:D|LL|M|RE|S|T|VE))?(?=[\\xac\\xb1\\xd7\\xf7\\x00-\\x2f\\x3a-\\x40\\x5b-\\x60\\x7b-\\xbf\\u2000-\\u206f \\t\\x0b\\f\\xa0\\ufeff\\n\\r\\u2028\\u2029\\u1680\\u180e\\u2000\\u2001\\u2002\\u2003\\u2004\\u2005\\u2006\\u2007\\u2008\\u2009\\u200a\\u202f\\u205f\\u3000]|[A-Z\\xc0-\\xd6\\xd8-\\xde](?:[a-z\\xdf-\\xf6\\xf8-\\xff]|[^\\ud800-\\udfff\\xac\\xb1\\xd7\\xf7\\x00-\\x2f\\x3a-\\x40\\x5b-\\x60\\x7b-\\xbf\\u2000-\\u206f \\t\\x0b\\f\\xa0\\ufeff\\n\\r\\u2028\\u2029\\u1680\\u180e\\u2000\\u2001\\u2002\\u2003\\u2004\\u2005\\u2006\\u2007\\u2008\\u2009\\u200a\\u202f\\u205f\\u3000\\d+\\u2700-\\u27bfa-z\\xdf-\\xf6\\xf8-\\xffA-Z\\xc0-\\xd6\\xd8-\\xde])|$)|[A-Z\\xc0-\\xd6\\xd8-\\xde]?(?:[a-z\\xdf-\\xf6\\xf8-\\xff]|[^\\ud800-\\udfff\\xac\\xb1\\xd7\\xf7\\x00-\\x2f\\x3a-\\x40\\x5b-\\x60\\x7b-\\xbf\\u2000-\\u206f \\t\\x0b\\f\\xa0\\ufeff\\n\\r\\u2028\\u2029\\u1680\\u180e\\u2000\\u2001\\u2002\\u2003\\u2004\\u2005\\u2006\\u2007\\u2008\\u2009\\u200a\\u202f\\u205f\\u3000\\d+\\u2700-\\u27bfa-z\\xdf-\\xf6\\xf8-\\xffA-Z\\xc0-\\xd6\\xd8-\\xde])+(?:['’](?:d|ll|m|re|s|t|ve))?|[A-Z\\xc0-\\xd6\\xd8-\\xde]+(?:['’](?:D|LL|M|RE|S|T|VE))?|\\d*(?:(?:1ST|2ND|3RD|(?![123])\\dTH)\\b)|\\d*(?:(?:1st|2nd|3rd|(?![123])\\dth)\\b)|\\d+|(?:[\\u2700-\\u27bf]|(?:\\ud83c[\\udde6-\\uddff]){2}|[\\ud800-\\udbff][\\udc00-\\udfff])[\\ufe0e\\ufe0f]?(?:[\\u0300-\\u036f\\ufe20-\\ufe2f\\u20d0-\\u20ff]|\\ud83c[\\udffb-\\udfff])?(?:\\u200d(?:[^\\ud800-\\udfff]|(?:\\ud83c[\\udde6-\\uddff]){2}|[\\ud800-\\udbff][\\udc00-\\udfff])[\\ufe0e\\ufe0f]?(?:[\\u0300-\\u036f\\ufe20-\\ufe2f\\u20d0-\\u20ff]|\\ud83c[\\udffb-\\udfff])?)*/g;","var namespacer = '/';","","function camelCase(string) {","  return string.match(wordPattern).reduce(function (camelCased, word, index) {","    return camelCased + (index === 0 ? word.toLowerCase() : word.charAt(0).toUpperCase() + word.substring(1).toLowerCase());","  }, '');","}","","exports.default = function (type) {","  return type.split(namespacer).map(camelCase).join(namespacer);","};"],"l":{"3":1,"8":1,"9":1,"11":1,"12":0,"13":0,"17":1,"18":0}},"/home/travis/build/npmtest/node-npmtest-redux-actions/node_modules/redux-actions/lib/arrayToObject.js":{"path":"/home/travis/build/npmtest/node-npmtest-redux-actions/node_modules/redux-actions/lib/arrayToObject.js","s":{"1":1,"2":1,"3":0,"4":0},"b":{},"f":{"1":0,"2":0},"fnMap":{"1":{"name":"(anonymous_1)","line":7,"loc":{"start":{"line":7,"column":18},"end":{"line":7,"column":45}}},"2":{"name":"(anonymous_2)","line":8,"loc":{"start":{"line":8,"column":22},"end":{"line":8,"column":56}}}},"statementMap":{"1":{"start":{"line":3,"column":0},"end":{"line":5,"column":3}},"2":{"start":{"line":7,"column":0},"end":{"line":11,"column":2}},"3":{"start":{"line":8,"column":2},"end":{"line":10,"column":9}},"4":{"start":{"line":9,"column":4},"end":{"line":9,"column":44}}},"branchMap":{},"code":["\"use strict\";","","Object.defineProperty(exports, \"__esModule\", {","  value: true","});","","exports.default = function (array, callback) {","  return array.reduce(function (partialObject, element) {","    return callback(partialObject, element);","  }, {});","};"],"l":{"3":1,"7":1,"8":0,"9":0}},"/home/travis/build/npmtest/node-npmtest-redux-actions/node_modules/redux-actions/lib/namespaceActions.js":{"path":"/home/travis/build/npmtest/node-npmtest-redux-actions/node_modules/redux-actions/lib/namespaceActions.js","s":{"1":1,"2":1,"3":1,"4":1,"5":1,"6":1,"7":1,"8":2,"9":1,"10":1,"11":0,"12":0,"13":0,"14":1,"15":0,"16":0,"17":0,"18":0,"19":0,"20":0,"21":0,"22":0,"23":1,"24":0,"25":1,"26":0,"27":0,"28":0,"29":0,"30":0,"31":0,"32":0,"33":0,"34":0,"35":0,"36":0,"37":0,"38":1,"39":1,"40":1},"b":{"1":[1,1],"2":[2,2],"3":[0,0],"4":[0,0],"5":[0,0],"6":[0,0],"7":[0,0],"8":[0,0],"9":[0,0],"10":[0,0],"11":[0,0],"12":[0,0],"13":[0,0],"14":[0,0],"15":[0,0],"16":[0,0],"17":[0,0],"18":[0,0]},"f":{"1":2,"2":0,"3":0,"4":0,"5":0,"6":0,"7":0},"fnMap":{"1":{"name":"_interopRequireDefault","line":16,"loc":{"start":{"line":16,"column":0},"end":{"line":16,"column":37}}},"2":{"name":"flattenActionMap","line":20,"loc":{"start":{"line":20,"column":0},"end":{"line":20,"column":37}}},"3":{"name":"connectNamespace","line":25,"loc":{"start":{"line":25,"column":2},"end":{"line":25,"column":34}}},"4":{"name":"(anonymous_4)","line":29,"loc":{"start":{"line":29,"column":48},"end":{"line":29,"column":64}}},"5":{"name":"unflattenActionCreators","line":42,"loc":{"start":{"line":42,"column":0},"end":{"line":42,"column":53}}},"6":{"name":"unflatten","line":45,"loc":{"start":{"line":45,"column":2},"end":{"line":45,"column":37}}},"7":{"name":"(anonymous_7)","line":61,"loc":{"start":{"line":61,"column":57},"end":{"line":61,"column":73}}}},"statementMap":{"1":{"start":{"line":3,"column":0},"end":{"line":5,"column":3}},"2":{"start":{"line":6,"column":0},"end":{"line":6,"column":98}},"3":{"start":{"line":8,"column":0},"end":{"line":8,"column":40}},"4":{"start":{"line":10,"column":0},"end":{"line":10,"column":53}},"5":{"start":{"line":12,"column":0},"end":{"line":12,"column":53}},"6":{"start":{"line":14,"column":0},"end":{"line":14,"column":61}},"7":{"start":{"line":16,"column":0},"end":{"line":16,"column":95}},"8":{"start":{"line":16,"column":39},"end":{"line":16,"column":93}},"9":{"start":{"line":18,"column":0},"end":{"line":18,"column":27}},"10":{"start":{"line":20,"column":0},"end":{"line":40,"column":1}},"11":{"start":{"line":21,"column":2},"end":{"line":21,"column":104}},"12":{"start":{"line":22,"column":2},"end":{"line":22,"column":101}},"13":{"start":{"line":23,"column":2},"end":{"line":23,"column":102}},"14":{"start":{"line":25,"column":2},"end":{"line":27,"column":3}},"15":{"start":{"line":26,"column":4},"end":{"line":26,"column":88}},"16":{"start":{"line":29,"column":2},"end":{"line":38,"column":5}},"17":{"start":{"line":30,"column":4},"end":{"line":30,"column":47}},"18":{"start":{"line":31,"column":4},"end":{"line":31,"column":41}},"19":{"start":{"line":33,"column":4},"end":{"line":37,"column":5}},"20":{"start":{"line":34,"column":6},"end":{"line":34,"column":60}},"21":{"start":{"line":36,"column":6},"end":{"line":36,"column":88}},"22":{"start":{"line":39,"column":2},"end":{"line":39,"column":30}},"23":{"start":{"line":42,"column":0},"end":{"line":65,"column":1}},"24":{"start":{"line":43,"column":2},"end":{"line":43,"column":104}},"25":{"start":{"line":45,"column":2},"end":{"line":58,"column":3}},"26":{"start":{"line":46,"column":4},"end":{"line":46,"column":110}},"27":{"start":{"line":47,"column":4},"end":{"line":47,"column":108}},"28":{"start":{"line":49,"column":4},"end":{"line":49,"column":84}},"29":{"start":{"line":50,"column":4},"end":{"line":57,"column":5}},"30":{"start":{"line":51,"column":6},"end":{"line":53,"column":7}},"31":{"start":{"line":52,"column":8},"end":{"line":52,"column":56}},"32":{"start":{"line":54,"column":6},"end":{"line":54,"column":103}},"33":{"start":{"line":56,"column":6},"end":{"line":56,"column":86}},"34":{"start":{"line":60,"column":2},"end":{"line":60,"column":32}},"35":{"start":{"line":61,"column":2},"end":{"line":63,"column":5}},"36":{"start":{"line":62,"column":4},"end":{"line":62,"column":72}},"37":{"start":{"line":64,"column":2},"end":{"line":64,"column":30}},"38":{"start":{"line":67,"column":0},"end":{"line":67,"column":44}},"39":{"start":{"line":68,"column":0},"end":{"line":68,"column":58}},"40":{"start":{"line":69,"column":0},"end":{"line":69,"column":44}}},"branchMap":{"1":{"line":16,"type":"cond-expr","locations":[{"start":{"line":16,"column":70},"end":{"line":16,"column":73}},{"start":{"line":16,"column":76},"end":{"line":16,"column":92}}]},"2":{"line":16,"type":"binary-expr","locations":[{"start":{"line":16,"column":46},"end":{"line":16,"column":49}},{"start":{"line":16,"column":53},"end":{"line":16,"column":67}}]},"3":{"line":21,"type":"cond-expr","locations":[{"start":{"line":21,"column":72},"end":{"line":21,"column":88}},{"start":{"line":21,"column":91},"end":{"line":21,"column":103}}]},"4":{"line":21,"type":"binary-expr","locations":[{"start":{"line":21,"column":18},"end":{"line":21,"column":39}},{"start":{"line":21,"column":43},"end":{"line":21,"column":69}}]},"5":{"line":22,"type":"cond-expr","locations":[{"start":{"line":22,"column":83},"end":{"line":22,"column":85}},{"start":{"line":22,"column":88},"end":{"line":22,"column":100}}]},"6":{"line":22,"type":"binary-expr","locations":[{"start":{"line":22,"column":29},"end":{"line":22,"column":50}},{"start":{"line":22,"column":54},"end":{"line":22,"column":80}}]},"7":{"line":23,"type":"cond-expr","locations":[{"start":{"line":23,"column":84},"end":{"line":23,"column":86}},{"start":{"line":23,"column":89},"end":{"line":23,"column":101}}]},"8":{"line":23,"type":"binary-expr","locations":[{"start":{"line":23,"column":30},"end":{"line":23,"column":51}},{"start":{"line":23,"column":55},"end":{"line":23,"column":81}}]},"9":{"line":26,"type":"cond-expr","locations":[{"start":{"line":26,"column":35},"end":{"line":26,"column":80}},{"start":{"line":26,"column":83},"end":{"line":26,"column":87}}]},"10":{"line":33,"type":"if","locations":[{"start":{"line":33,"column":4},"end":{"line":33,"column":4}},{"start":{"line":33,"column":4},"end":{"line":33,"column":4}}]},"11":{"line":43,"type":"cond-expr","locations":[{"start":{"line":43,"column":72},"end":{"line":43,"column":88}},{"start":{"line":43,"column":91},"end":{"line":43,"column":103}}]},"12":{"line":43,"type":"binary-expr","locations":[{"start":{"line":43,"column":18},"end":{"line":43,"column":39}},{"start":{"line":43,"column":43},"end":{"line":43,"column":69}}]},"13":{"line":46,"type":"cond-expr","locations":[{"start":{"line":46,"column":92},"end":{"line":46,"column":94}},{"start":{"line":46,"column":97},"end":{"line":46,"column":109}}]},"14":{"line":46,"type":"binary-expr","locations":[{"start":{"line":46,"column":38},"end":{"line":46,"column":59}},{"start":{"line":46,"column":63},"end":{"line":46,"column":89}}]},"15":{"line":47,"type":"cond-expr","locations":[{"start":{"line":47,"column":90},"end":{"line":47,"column":92}},{"start":{"line":47,"column":95},"end":{"line":47,"column":107}}]},"16":{"line":47,"type":"binary-expr","locations":[{"start":{"line":47,"column":36},"end":{"line":47,"column":57}},{"start":{"line":47,"column":61},"end":{"line":47,"column":87}}]},"17":{"line":50,"type":"if","locations":[{"start":{"line":50,"column":4},"end":{"line":50,"column":4}},{"start":{"line":50,"column":4},"end":{"line":50,"column":4}}]},"18":{"line":51,"type":"if","locations":[{"start":{"line":51,"column":6},"end":{"line":51,"column":6}},{"start":{"line":51,"column":6},"end":{"line":51,"column":6}}]}},"code":["'use strict';","","Object.defineProperty(exports, \"__esModule\", {","  value: true","});","exports.defaultNamespace = exports.unflattenActionCreators = exports.flattenActionMap = undefined;","","var _camelCase = require('./camelCase');","","var _camelCase2 = _interopRequireDefault(_camelCase);","","var _isPlainObject = require('lodash/isPlainObject');","","var _isPlainObject2 = _interopRequireDefault(_isPlainObject);","","function _interopRequireDefault(obj) { return obj && obj.__esModule ? obj : { default: obj }; }","","var defaultNamespace = '/';","","function flattenActionMap(actionMap) {","  var namespace = arguments.length <= 1 || arguments[1] === undefined ? defaultNamespace : arguments[1];","  var partialFlatActionMap = arguments.length <= 2 || arguments[2] === undefined ? {} : arguments[2];","  var partialFlatActionType = arguments.length <= 3 || arguments[3] === undefined ? '' : arguments[3];","","  function connectNamespace(type) {","    return partialFlatActionType ? '' + partialFlatActionType + namespace + type : type;","  }","","  Object.getOwnPropertyNames(actionMap).forEach(function (type) {","    var nextNamespace = connectNamespace(type);","    var actionMapValue = actionMap[type];","","    if (!(0, _isPlainObject2.default)(actionMapValue)) {","      partialFlatActionMap[nextNamespace] = actionMap[type];","    } else {","      flattenActionMap(actionMap[type], namespace, partialFlatActionMap, nextNamespace);","    }","  });","  return partialFlatActionMap;","}","","function unflattenActionCreators(flatActionCreators) {","  var namespace = arguments.length <= 1 || arguments[1] === undefined ? defaultNamespace : arguments[1];","","  function unflatten(flatActionType) {","    var partialNestedActionCreators = arguments.length <= 1 || arguments[1] === undefined ? {} : arguments[1];","    var partialFlatActionTypePath = arguments.length <= 2 || arguments[2] === undefined ? [] : arguments[2];","","    var nextNamespace = (0, _camelCase2.default)(partialFlatActionTypePath.shift());","    if (partialFlatActionTypePath.length) {","      if (!partialNestedActionCreators[nextNamespace]) {","        partialNestedActionCreators[nextNamespace] = {};","      }","      unflatten(flatActionType, partialNestedActionCreators[nextNamespace], partialFlatActionTypePath);","    } else {","      partialNestedActionCreators[nextNamespace] = flatActionCreators[flatActionType];","    }","  }","","  var nestedActionCreators = {};","  Object.getOwnPropertyNames(flatActionCreators).forEach(function (type) {","    return unflatten(type, nestedActionCreators, type.split(namespace));","  });","  return nestedActionCreators;","}","","exports.flattenActionMap = flattenActionMap;","exports.unflattenActionCreators = unflattenActionCreators;","exports.defaultNamespace = defaultNamespace;"],"l":{"3":1,"6":1,"8":1,"10":1,"12":1,"14":1,"16":2,"18":1,"20":1,"21":0,"22":0,"23":0,"25":1,"26":0,"29":0,"30":0,"31":0,"33":0,"34":0,"36":0,"39":0,"42":1,"43":0,"45":1,"46":0,"47":0,"49":0,"50":0,"51":0,"52":0,"54":0,"56":0,"60":0,"61":0,"62":0,"64":0,"67":1,"68":1,"69":1}}}